[2023-05-23 10:40:51,945] multiqc                                            [DEBUG  ]  No MultiQC config found: /home/lubo/miniconda3/envs/fastqc/lib/python2.7/site-packages/multiqc-1.0.dev0-py2.7.egg/multiqc_config.yaml
[2023-05-23 10:40:51,945] multiqc                                            [DEBUG  ]  No MultiQC config found: /home/lubo/.multiqc_config.yaml
[2023-05-23 10:40:51,945] multiqc                                            [DEBUG  ]  No MultiQC config found: multiqc_config.yaml
[2023-05-23 10:40:51,945] multiqc                                            [DEBUG  ]  Command used: /home/lubo/miniconda3/envs/fastqc/bin/multiqc ../../raw_data/fastqc_out/Jamy_2022/rDNA/cell/ -o ../../raw_data/fastqc_out/Jamy_2022/rDNA/cell/
[2023-05-23 10:40:51,945] multiqc                                            [DEBUG  ]  Could not connect to multiqc.info for version check
[2023-05-23 10:40:51,945] multiqc                                            [INFO   ]  This is MultiQC v1.0.dev0
[2023-05-23 10:40:51,946] multiqc                                            [DEBUG  ]  Command     : /home/lubo/miniconda3/envs/fastqc/bin/multiqc ../../raw_data/fastqc_out/Jamy_2022/rDNA/cell/ -o ../../raw_data/fastqc_out/Jamy_2022/rDNA/cell/
[2023-05-23 10:40:51,946] multiqc                                            [DEBUG  ]  Working dir : /home/lubo/code/wRajter/vampyrella_2023/scripts/scripts
[2023-05-23 10:40:51,946] multiqc                                            [INFO   ]  Template    : default
[2023-05-23 10:40:51,946] multiqc                                            [INFO   ]  Searching '../../raw_data/fastqc_out/Jamy_2022/rDNA/cell/'
[2023-05-23 10:40:51,946] multiqc                                            [DEBUG  ]  Analysing modules: custom_content, peddy, methylQA, qualimap, preseq, quast, rseqc, busco, goleft_indexcov, snpeff, gatk, htseq, bcftools, featureCounts, picard, prokka, samblaster, samtools, bamtools, bismark, hicup, salmon, kallisto, slamdunk, star, tophat, bowtie2, bowtie1, cutadapt, trimmomatic, skewer, fastq_screen, fastqc, clusterflow
[2023-05-23 10:40:51,947] multiqc                                            [DEBUG  ]  Using temporary directory for creating report: /tmp/tmpZEvhLg
[2023-05-23 10:40:52,243] multiqc.modules.custom_content.custom_content      [DEBUG  ]  No custom content found
[2023-05-23 10:40:52,248] multiqc.modules.peddy.peddy                        [DEBUG  ]  Could not find any reports in ('../../raw_data/fastqc_out/Jamy_2022/rDNA/cell/',)
[2023-05-23 10:40:52,251] multiqc.modules.methylQA.methylQA                  [DEBUG  ]  Could not find any reports in ('../../raw_data/fastqc_out/Jamy_2022/rDNA/cell/',)
[2023-05-23 10:40:52,253] multiqc.modules.qualimap.QM_BamQC                  [DEBUG  ]  Using default Qualimap thresholds: 1, 5, 10, 30, 50
[2023-05-23 10:40:52,258] multiqc.modules.qualimap.qualimap                  [DEBUG  ]  Could not find any reports in ('../../raw_data/fastqc_out/Jamy_2022/rDNA/cell/',)
[2023-05-23 10:40:52,306] multiqc.modules.preseq.preseq                      [DEBUG  ]  Could not find any preseq data in ('../../raw_data/fastqc_out/Jamy_2022/rDNA/cell/',)
[2023-05-23 10:40:52,309] multiqc.modules.quast.quast                        [DEBUG  ]  Could not find any reports in ('../../raw_data/fastqc_out/Jamy_2022/rDNA/cell/',)
[2023-05-23 10:40:52,448] multiqc.modules.rseqc.rseqc                        [DEBUG  ]  Could not find any reports in ('../../raw_data/fastqc_out/Jamy_2022/rDNA/cell/',)
[2023-05-23 10:40:52,451] multiqc.modules.busco.busco                        [DEBUG  ]  Could not find any reports in ('../../raw_data/fastqc_out/Jamy_2022/rDNA/cell/',)
[2023-05-23 10:40:52,455] multiqc.modules.goleft_indexcov.goleft_indexcov    [DEBUG  ]  Did not find goleft indexcov outputs in ('../../raw_data/fastqc_out/Jamy_2022/rDNA/cell/',)
[2023-05-23 10:40:52,491] multiqc.modules.snpeff.snpeff                      [DEBUG  ]  Could not find any data in ('../../raw_data/fastqc_out/Jamy_2022/rDNA/cell/',)
[2023-05-23 10:40:52,527] multiqc.modules.gatk.gatk                          [DEBUG  ]  Could not find any reports in ('../../raw_data/fastqc_out/Jamy_2022/rDNA/cell/',)
[2023-05-23 10:40:52,563] multiqc.modules.htseq.htseq                        [DEBUG  ]  Could not find any reports in ('../../raw_data/fastqc_out/Jamy_2022/rDNA/cell/',)
[2023-05-23 10:40:52,598] multiqc.modules.bcftools.bcftools                  [DEBUG  ]  Could not find any reports in ('../../raw_data/fastqc_out/Jamy_2022/rDNA/cell/',)
[2023-05-23 10:40:52,601] multiqc.modules.featureCounts.feature_counts       [DEBUG  ]  Could not find any reports in ('../../raw_data/fastqc_out/Jamy_2022/rDNA/cell/',)
[2023-05-23 10:40:52,939] multiqc.modules.picard.picard                      [DEBUG  ]  Could not find any reports in ('../../raw_data/fastqc_out/Jamy_2022/rDNA/cell/',)
[2023-05-23 10:40:52,943] multiqc.modules.prokka.prokka                      [DEBUG  ]  Could not find any Prokka data in ('../../raw_data/fastqc_out/Jamy_2022/rDNA/cell/',)
[2023-05-23 10:40:52,978] multiqc.modules.samblaster.samblaster              [DEBUG  ]  Could not find any data in ('../../raw_data/fastqc_out/Jamy_2022/rDNA/cell/',)
[2023-05-23 10:40:53,082] multiqc.modules.samtools.samtools                  [DEBUG  ]  Could not find any reports in ('../../raw_data/fastqc_out/Jamy_2022/rDNA/cell/',)
[2023-05-23 10:40:53,118] multiqc.modules.bamtools.bamtools                  [DEBUG  ]  Could not find any reports in ('../../raw_data/fastqc_out/Jamy_2022/rDNA/cell/',)
[2023-05-23 10:40:53,124] multiqc.modules.bismark.bismark                    [DEBUG  ]  Could not find any reports in ('../../raw_data/fastqc_out/Jamy_2022/rDNA/cell/',)
[2023-05-23 10:40:53,127] multiqc.modules.hicup.hicup                        [DEBUG  ]  Could not find any HiCUP data in ('../../raw_data/fastqc_out/Jamy_2022/rDNA/cell/',)
[2023-05-23 10:40:53,130] multiqc.modules.salmon.salmon                      [DEBUG  ]  Could not find any Salmon data in ('../../raw_data/fastqc_out/Jamy_2022/rDNA/cell/',)
[2023-05-23 10:40:53,165] multiqc.modules.kallisto.kallisto                  [DEBUG  ]  Could not find any reports in ('../../raw_data/fastqc_out/Jamy_2022/rDNA/cell/',)
[2023-05-23 10:40:53,365] multiqc.modules.slamdunk.slamdunk                  [DEBUG  ]  No slamdunk reports found.
[2023-05-23 10:40:53,370] multiqc.modules.star.star                          [DEBUG  ]  Could not find any reports in ('../../raw_data/fastqc_out/Jamy_2022/rDNA/cell/',)
[2023-05-23 10:40:53,372] multiqc.modules.tophat.tophat                      [DEBUG  ]  Could not find any reports in ('../../raw_data/fastqc_out/Jamy_2022/rDNA/cell/',)
[2023-05-23 10:40:53,406] multiqc.modules.bowtie2.bowtie2                    [DEBUG  ]  Could not find any reports in ('../../raw_data/fastqc_out/Jamy_2022/rDNA/cell/',)
[2023-05-23 10:40:53,440] multiqc.modules.bowtie1.bowtie1                    [DEBUG  ]  Could not find any reports in ('../../raw_data/fastqc_out/Jamy_2022/rDNA/cell/',)
[2023-05-23 10:40:53,476] multiqc.modules.cutadapt.cutadapt                  [DEBUG  ]  Could not find any reports in ('../../raw_data/fastqc_out/Jamy_2022/rDNA/cell/',)
[2023-05-23 10:40:53,509] multiqc.modules.trimmomatic.trimmomatic            [DEBUG  ]  Could not find any Trimmomatic data in ('../../raw_data/fastqc_out/Jamy_2022/rDNA/cell/',)
[2023-05-23 10:40:53,540] multiqc.modules.skewer.skewer                      [DEBUG  ]  Could not find any data in ('../../raw_data/fastqc_out/Jamy_2022/rDNA/cell/',)
[2023-05-23 10:40:53,543] multiqc.modules.fastq_screen.fastq_screen          [DEBUG  ]  Could not find any reports in ('../../raw_data/fastqc_out/Jamy_2022/rDNA/cell/',)
[2023-05-23 10:40:53,622] multiqc.modules.fastqc.fastqc                      [INFO   ]  Found 18 reports
[2023-05-23 10:40:54,025] multiqc.modules.clusterflow.clusterflow            [DEBUG  ]  Could not find any reports in ('../../raw_data/fastqc_out/Jamy_2022/rDNA/cell/',)
[2023-05-23 10:40:54,027] multiqc                                            [INFO   ]  Report      : ../../raw_data/fastqc_out/Jamy_2022/rDNA/cell/multiqc_report.html
[2023-05-23 10:40:54,027] multiqc                                            [INFO   ]  Data        : ../../raw_data/fastqc_out/Jamy_2022/rDNA/cell/multiqc_data
[2023-05-23 10:40:54,027] multiqc                                            [DEBUG  ]  Moving data file from '/tmp/tmpZEvhLg/multiqc_data/multiqc_fastqc.txt' to '../../raw_data/fastqc_out/Jamy_2022/rDNA/cell/multiqc_data'
[2023-05-23 10:40:54,027] multiqc                                            [DEBUG  ]  Moving data file from '/tmp/tmpZEvhLg/multiqc_data/multiqc_general_stats.txt' to '../../raw_data/fastqc_out/Jamy_2022/rDNA/cell/multiqc_data'
[2023-05-23 10:40:54,027] multiqc                                            [DEBUG  ]  Moving data file from '/tmp/tmpZEvhLg/multiqc_data/multiqc_sources.txt' to '../../raw_data/fastqc_out/Jamy_2022/rDNA/cell/multiqc_data'
[2023-05-23 10:40:54,092] multiqc                                            [INFO   ]  MultiQC complete
