[2023-03-02 15:31:03,507] multiqc                                            [DEBUG  ]  No MultiQC config found: /home/lubo/miniconda3/envs/fastqc/lib/python2.7/site-packages/multiqc-1.0.dev0-py2.7.egg/multiqc_config.yaml
[2023-03-02 15:31:03,507] multiqc                                            [DEBUG  ]  No MultiQC config found: /home/lubo/.multiqc_config.yaml
[2023-03-02 15:31:03,507] multiqc                                            [DEBUG  ]  No MultiQC config found: multiqc_config.yaml
[2023-03-02 15:31:03,507] multiqc                                            [DEBUG  ]  Command used: /home/lubo/miniconda3/envs/fastqc/bin/multiqc ../../raw_data/fastqc_out/Jamy_2019/rDNA/cell/ -o ../../raw_data/fastqc_out/Jamy_2019/rDNA/cell/
[2023-03-02 15:31:03,507] multiqc                                            [DEBUG  ]  Could not connect to multiqc.info for version check
[2023-03-02 15:31:03,507] multiqc                                            [INFO   ]  This is MultiQC v1.0.dev0
[2023-03-02 15:31:03,507] multiqc                                            [DEBUG  ]  Command     : /home/lubo/miniconda3/envs/fastqc/bin/multiqc ../../raw_data/fastqc_out/Jamy_2019/rDNA/cell/ -o ../../raw_data/fastqc_out/Jamy_2019/rDNA/cell/
[2023-03-02 15:31:03,507] multiqc                                            [DEBUG  ]  Working dir : /home/lubo/code/wRajter/vampyrella_2023/scripts/scripts
[2023-03-02 15:31:03,507] multiqc                                            [INFO   ]  Template    : default
[2023-03-02 15:31:03,507] multiqc                                            [INFO   ]  Searching '../../raw_data/fastqc_out/Jamy_2019/rDNA/cell/'
[2023-03-02 15:31:03,507] multiqc                                            [DEBUG  ]  Analysing modules: custom_content, peddy, methylQA, qualimap, preseq, quast, rseqc, busco, goleft_indexcov, snpeff, gatk, htseq, bcftools, featureCounts, picard, prokka, samblaster, samtools, bamtools, bismark, hicup, salmon, kallisto, slamdunk, star, tophat, bowtie2, bowtie1, cutadapt, trimmomatic, skewer, fastq_screen, fastqc, clusterflow
[2023-03-02 15:31:03,507] multiqc                                            [DEBUG  ]  Using temporary directory for creating report: /tmp/tmpnzyOsd
[2023-03-02 15:31:03,762] multiqc.modules.custom_content.custom_content      [DEBUG  ]  No custom content found
[2023-03-02 15:31:03,764] multiqc.modules.peddy.peddy                        [DEBUG  ]  Could not find any reports in ('../../raw_data/fastqc_out/Jamy_2019/rDNA/cell/',)
[2023-03-02 15:31:03,766] multiqc.modules.methylQA.methylQA                  [DEBUG  ]  Could not find any reports in ('../../raw_data/fastqc_out/Jamy_2019/rDNA/cell/',)
[2023-03-02 15:31:03,769] multiqc.modules.qualimap.QM_BamQC                  [DEBUG  ]  Using default Qualimap thresholds: 1, 5, 10, 30, 50
[2023-03-02 15:31:03,770] multiqc.modules.qualimap.qualimap                  [DEBUG  ]  Could not find any reports in ('../../raw_data/fastqc_out/Jamy_2019/rDNA/cell/',)
[2023-03-02 15:31:03,779] multiqc.modules.preseq.preseq                      [DEBUG  ]  Could not find any preseq data in ('../../raw_data/fastqc_out/Jamy_2019/rDNA/cell/',)
[2023-03-02 15:31:03,781] multiqc.modules.quast.quast                        [DEBUG  ]  Could not find any reports in ('../../raw_data/fastqc_out/Jamy_2019/rDNA/cell/',)
[2023-03-02 15:31:03,808] multiqc.modules.rseqc.rseqc                        [DEBUG  ]  Could not find any reports in ('../../raw_data/fastqc_out/Jamy_2019/rDNA/cell/',)
[2023-03-02 15:31:03,810] multiqc.modules.busco.busco                        [DEBUG  ]  Could not find any reports in ('../../raw_data/fastqc_out/Jamy_2019/rDNA/cell/',)
[2023-03-02 15:31:03,812] multiqc.modules.goleft_indexcov.goleft_indexcov    [DEBUG  ]  Did not find goleft indexcov outputs in ('../../raw_data/fastqc_out/Jamy_2019/rDNA/cell/',)
[2023-03-02 15:31:03,819] multiqc.modules.snpeff.snpeff                      [DEBUG  ]  Could not find any data in ('../../raw_data/fastqc_out/Jamy_2019/rDNA/cell/',)
[2023-03-02 15:31:03,827] multiqc.modules.gatk.gatk                          [DEBUG  ]  Could not find any reports in ('../../raw_data/fastqc_out/Jamy_2019/rDNA/cell/',)
[2023-03-02 15:31:03,834] multiqc.modules.htseq.htseq                        [DEBUG  ]  Could not find any reports in ('../../raw_data/fastqc_out/Jamy_2019/rDNA/cell/',)
[2023-03-02 15:31:03,842] multiqc.modules.bcftools.bcftools                  [DEBUG  ]  Could not find any reports in ('../../raw_data/fastqc_out/Jamy_2019/rDNA/cell/',)
[2023-03-02 15:31:03,844] multiqc.modules.featureCounts.feature_counts       [DEBUG  ]  Could not find any reports in ('../../raw_data/fastqc_out/Jamy_2019/rDNA/cell/',)
[2023-03-02 15:31:03,903] multiqc.modules.picard.picard                      [DEBUG  ]  Could not find any reports in ('../../raw_data/fastqc_out/Jamy_2019/rDNA/cell/',)
[2023-03-02 15:31:03,906] multiqc.modules.prokka.prokka                      [DEBUG  ]  Could not find any Prokka data in ('../../raw_data/fastqc_out/Jamy_2019/rDNA/cell/',)
[2023-03-02 15:31:03,913] multiqc.modules.samblaster.samblaster              [DEBUG  ]  Could not find any data in ('../../raw_data/fastqc_out/Jamy_2019/rDNA/cell/',)
[2023-03-02 15:31:03,933] multiqc.modules.samtools.samtools                  [DEBUG  ]  Could not find any reports in ('../../raw_data/fastqc_out/Jamy_2019/rDNA/cell/',)
[2023-03-02 15:31:03,940] multiqc.modules.bamtools.bamtools                  [DEBUG  ]  Could not find any reports in ('../../raw_data/fastqc_out/Jamy_2019/rDNA/cell/',)
[2023-03-02 15:31:03,943] multiqc.modules.bismark.bismark                    [DEBUG  ]  Could not find any reports in ('../../raw_data/fastqc_out/Jamy_2019/rDNA/cell/',)
[2023-03-02 15:31:03,945] multiqc.modules.hicup.hicup                        [DEBUG  ]  Could not find any HiCUP data in ('../../raw_data/fastqc_out/Jamy_2019/rDNA/cell/',)
[2023-03-02 15:31:03,947] multiqc.modules.salmon.salmon                      [DEBUG  ]  Could not find any Salmon data in ('../../raw_data/fastqc_out/Jamy_2019/rDNA/cell/',)
[2023-03-02 15:31:03,954] multiqc.modules.kallisto.kallisto                  [DEBUG  ]  Could not find any reports in ('../../raw_data/fastqc_out/Jamy_2019/rDNA/cell/',)
[2023-03-02 15:31:03,990] multiqc.modules.slamdunk.slamdunk                  [DEBUG  ]  No slamdunk reports found.
[2023-03-02 15:31:03,992] multiqc.modules.star.star                          [DEBUG  ]  Could not find any reports in ('../../raw_data/fastqc_out/Jamy_2019/rDNA/cell/',)
[2023-03-02 15:31:03,993] multiqc.modules.tophat.tophat                      [DEBUG  ]  Could not find any reports in ('../../raw_data/fastqc_out/Jamy_2019/rDNA/cell/',)
[2023-03-02 15:31:04,001] multiqc.modules.bowtie2.bowtie2                    [DEBUG  ]  Could not find any reports in ('../../raw_data/fastqc_out/Jamy_2019/rDNA/cell/',)
[2023-03-02 15:31:04,009] multiqc.modules.bowtie1.bowtie1                    [DEBUG  ]  Could not find any reports in ('../../raw_data/fastqc_out/Jamy_2019/rDNA/cell/',)
[2023-03-02 15:31:04,017] multiqc.modules.cutadapt.cutadapt                  [DEBUG  ]  Could not find any reports in ('../../raw_data/fastqc_out/Jamy_2019/rDNA/cell/',)
[2023-03-02 15:31:04,024] multiqc.modules.trimmomatic.trimmomatic            [DEBUG  ]  Could not find any Trimmomatic data in ('../../raw_data/fastqc_out/Jamy_2019/rDNA/cell/',)
[2023-03-02 15:31:04,031] multiqc.modules.skewer.skewer                      [DEBUG  ]  Could not find any data in ('../../raw_data/fastqc_out/Jamy_2019/rDNA/cell/',)
[2023-03-02 15:31:04,033] multiqc.modules.fastq_screen.fastq_screen          [DEBUG  ]  Could not find any reports in ('../../raw_data/fastqc_out/Jamy_2019/rDNA/cell/',)
[2023-03-02 15:31:04,049] multiqc.modules.fastqc.fastqc                      [INFO   ]  Found 3 reports
[2023-03-02 15:31:04,195] multiqc.modules.clusterflow.clusterflow            [DEBUG  ]  Could not find any reports in ('../../raw_data/fastqc_out/Jamy_2019/rDNA/cell/',)
[2023-03-02 15:31:04,195] multiqc                                            [INFO   ]  Report      : ../../raw_data/fastqc_out/Jamy_2019/rDNA/cell/multiqc_report.html
[2023-03-02 15:31:04,195] multiqc                                            [INFO   ]  Data        : ../../raw_data/fastqc_out/Jamy_2019/rDNA/cell/multiqc_data
[2023-03-02 15:31:04,196] multiqc                                            [DEBUG  ]  Moving data file from '/tmp/tmpnzyOsd/multiqc_data/multiqc_fastqc.txt' to '../../raw_data/fastqc_out/Jamy_2019/rDNA/cell/multiqc_data'
[2023-03-02 15:31:04,196] multiqc                                            [DEBUG  ]  Moving data file from '/tmp/tmpnzyOsd/multiqc_data/multiqc_general_stats.txt' to '../../raw_data/fastqc_out/Jamy_2019/rDNA/cell/multiqc_data'
[2023-03-02 15:31:04,196] multiqc                                            [DEBUG  ]  Moving data file from '/tmp/tmpnzyOsd/multiqc_data/multiqc_sources.txt' to '../../raw_data/fastqc_out/Jamy_2019/rDNA/cell/multiqc_data'
[2023-03-02 15:31:04,246] multiqc                                            [INFO   ]  MultiQC complete
