
RAxML-NG v. 1.1.0 released on 29.11.2021 by The Exelixis Lab.
Developed by: Alexey M. Kozlov and Alexandros Stamatakis.
Contributors: Diego Darriba, Tomas Flouri, Benoit Morel, Sarah Lutteropp, Ben Bettisworth.
Latest version: https://github.com/amkozlov/raxml-ng
Questions/problems/suggestions? Please visit: https://groups.google.com/forum/#!forum/raxml

System: 11th Gen Intel(R) Core(TM) i7-11850H @ 2.50GHz, 8 cores, 11 GB RAM

RAxML-NG was called at 08-Dec-2023 15:26:55 as follows:

raxml-ng --support --tree ../results/phyl_trees/refrence_alignment_tree/T2_MLtree_gblocks/T2_gblocks.raxml.bestTree --bs-trees ../results/phyl_trees/refrence_alignment_tree/T3_bootstraps_gblocks/T3_gblocks.raxml.bootstraps --prefix T4_supports_gblocks --threads 3

Analysis options:
  run mode: Compute bipartition support (Felsenstein Bootstrap)
  start tree(s): user
  random seed: 1702045615
  SIMD kernels: AVX2
  parallelization: coarse-grained (auto), PTHREADS (3 threads), thread pinning: OFF

Reading reference tree from file: ../results/phyl_trees/refrence_alignment_tree/T2_MLtree_gblocks/T2_gblocks.raxml.bestTree
Reference tree size: 103

Reading bootstrap trees from file: ../results/phyl_trees/refrence_alignment_tree/T3_bootstraps_gblocks/T3_gblocks.raxml.bootstraps
Loaded 650 trees with 103 taxa.

Best ML tree with Felsenstein bootstrap (FBP) support values saved to: /home/lubo/code/wRajter/vampyrella_2023/notebooks/T4_supports_gblocks.raxml.support

Execution log saved to: /home/lubo/code/wRajter/vampyrella_2023/notebooks/T4_supports_gblocks.raxml.log

Analysis started: 08-Dec-2023 15:26:55 / finished: 08-Dec-2023 15:26:56

Elapsed time: 0.122 seconds

