
RAxML-NG v. 1.1.0 released on 29.11.2021 by The Exelixis Lab.
Developed by: Alexey M. Kozlov and Alexandros Stamatakis.
Contributors: Diego Darriba, Tomas Flouri, Benoit Morel, Sarah Lutteropp, Ben Bettisworth.
Latest version: https://github.com/amkozlov/raxml-ng
Questions/problems/suggestions? Please visit: https://groups.google.com/forum/#!forum/raxml

System: 11th Gen Intel(R) Core(TM) i7-11850H @ 2.50GHz, 8 cores, 11 GB RAM

RAxML-NG was called at 29-Nov-2023 20:33:44 as follows:

raxml-ng --check --msa ../results/phyl_trees/Suthaus_2022/Full18S/RAD/sim_90/alignments/vamp_mafft.fasta --model GTR+G --prefix T1

Analysis options:
  run mode: Alignment validation
  start tree(s): 
  random seed: 1701286424
  SIMD kernels: AVX2
  parallelization: coarse-grained (auto), PTHREADS (auto)

[00:00:00] Reading alignment from file: ../results/phyl_trees/Suthaus_2022/Full18S/RAD/sim_90/alignments/vamp_mafft.fasta
[00:00:00] Loaded alignment with 116 taxa and 2006 sites

WARNING: Sequences Thalassomyxa_strain_KibAr_KC779519 and Thalassomyxa_strain_V1ld4_KC779520 are exactly identical!
WARNING: Sequences Placopus_X_GU385615 and Placopus_XX_GU385647 are exactly identical!
WARNING: Duplicate sequences found: 2

NOTE: Reduced alignment (with duplicates and gap-only sites/taxa removed) 
NOTE: was saved to: /home/lubo/code/wRajter/vampyrella_2023/notebooks/T1.raxml.reduced.phy

Alignment comprises 1 partitions and 2006 sites

Partition 0: noname
Model: GTR+FO+G4m
Alignment sites: 2006
Gaps: 28.27 %
Invariant sites: 43.42 %



Alignment can be successfully read by RAxML-NG.


Execution log saved to: /home/lubo/code/wRajter/vampyrella_2023/notebooks/T1.raxml.log

Analysis started: 29-Nov-2023 20:33:44 / finished: 29-Nov-2023 20:33:44

Elapsed time: 0.044 seconds

