
RAxML-NG v. 1.1.0 released on 29.11.2021 by The Exelixis Lab.
Developed by: Alexey M. Kozlov and Alexandros Stamatakis.
Contributors: Diego Darriba, Tomas Flouri, Benoit Morel, Sarah Lutteropp, Ben Bettisworth.
Latest version: https://github.com/amkozlov/raxml-ng
Questions/problems/suggestions? Please visit: https://groups.google.com/forum/#!forum/raxml

System: 11th Gen Intel(R) Core(TM) i7-11850H @ 2.50GHz, 8 cores, 11 GB RAM

RAxML-NG was called at 08-Dec-2023 16:25:52 as follows:

raxml-ng --check --msa ../results/phyl_trees/refrence_alignment_tree/vamp_mafft_cut.fasta --model GTR+G --prefix T1_data_check

Analysis options:
  run mode: Alignment validation
  start tree(s): 
  random seed: 1702049152
  SIMD kernels: AVX2
  parallelization: coarse-grained (auto), PTHREADS (auto)

[00:00:00] Reading alignment from file: ../results/phyl_trees/refrence_alignment_tree/vamp_mafft_cut.fasta
[00:00:00] Loaded alignment with 103 taxa and 1926 sites

WARNING: Sequences Thalassomyxa_strain_KibAr_KC779519 and Thalassomyxa_strain_V1ld4_KC779520 are exactly identical!
WARNING: Sequences Placopus_X_GU385615 and Placopus_XX_GU385647 are exactly identical!
WARNING: Duplicate sequences found: 2

NOTE: Reduced alignment (with duplicates and gap-only sites/taxa removed) 
NOTE: was saved to: /home/lubo/code/wRajter/vampyrella_2023/notebooks/T1_data_check.raxml.reduced.phy

Alignment comprises 1 partitions and 1926 sites

Partition 0: noname
Model: GTR+FO+G4m
Alignment sites: 1926
Gaps: 28.04 %
Invariant sites: 42.99 %



Alignment can be successfully read by RAxML-NG.


Execution log saved to: /home/lubo/code/wRajter/vampyrella_2023/notebooks/T1_data_check.raxml.log

Analysis started: 08-Dec-2023 16:25:52 / finished: 08-Dec-2023 16:25:52

Elapsed time: 0.049 seconds

