
RAxML-NG v. 1.1.0 released on 29.11.2021 by The Exelixis Lab.
Developed by: Alexey M. Kozlov and Alexandros Stamatakis.
Contributors: Diego Darriba, Tomas Flouri, Benoit Morel, Sarah Lutteropp, Ben Bettisworth.
Latest version: https://github.com/amkozlov/raxml-ng
Questions/problems/suggestions? Please visit: https://groups.google.com/forum/#!forum/raxml

System: 11th Gen Intel(R) Core(TM) i7-11850H @ 2.50GHz, 8 cores, 11 GB RAM

RAxML-NG was called at 24-Nov-2023 13:05:33 as follows:

raxml-ng --check --msa ../results/phyl_trees/Suthaus_2022/Full18S/RAD/sim_90/vamp_mafft.fasta --model GTR+G --prefix T1

Analysis options:
  run mode: Alignment validation
  start tree(s): 
  random seed: 1700827533
  SIMD kernels: AVX2
  parallelization: coarse-grained (auto), PTHREADS (auto)

[00:00:00] Reading alignment from file: ../results/phyl_trees/Suthaus_2022/Full18S/RAD/sim_90/vamp_mafft.fasta
[00:00:00] Loaded alignment with 141 taxa and 2006 sites

WARNING: Fully undetermined columns found: 1

WARNING: Sequences KC779519|Vampyrellida|Arachnulidae|Thalassomyxa|Thalassomyxa_strain_KibAr and KC779520|Vampyrellida|Arachnulidae|Thalassomyxa|Thalassomyxa_strain_V1ld4 are exactly identical!
WARNING: Sequences GU385615|Vamyprellida|Placopodidae|Placopus|Placopus_X and GU385647|Vampyrellida|Placopodidae|Placopus_X|Placopus_XX are exactly identical!
WARNING: Duplicate sequences found: 2

NOTE: Reduced alignment (with duplicates and gap-only sites/taxa removed) 
NOTE: was saved to: /home/lubo/code/wRajter/vampyrella_2023/notebooks/T1.raxml.reduced.phy

Alignment comprises 1 partitions and 2005 sites

Partition 0: noname
Model: GTR+FO+G4m
Alignment sites: 2005
Gaps: 27.21 %
Invariant sites: 41.25 %



Alignment can be successfully read by RAxML-NG.


Execution log saved to: /home/lubo/code/wRajter/vampyrella_2023/notebooks/T1.raxml.log

Analysis started: 24-Nov-2023 13:05:33 / finished: 24-Nov-2023 13:05:33

Elapsed time: 0.044 seconds

