
RAxML-NG v. 1.1.0 released on 29.11.2021 by The Exelixis Lab.
Developed by: Alexey M. Kozlov and Alexandros Stamatakis.
Contributors: Diego Darriba, Tomas Flouri, Benoit Morel, Sarah Lutteropp, Ben Bettisworth.
Latest version: https://github.com/amkozlov/raxml-ng
Questions/problems/suggestions? Please visit: https://groups.google.com/forum/#!forum/raxml

System: 11th Gen Intel(R) Core(TM) i7-11850H @ 2.50GHz, 8 cores, 11 GB RAM

RAxML-NG was called at 11-Dec-2023 12:33:00 as follows:

raxml-ng --bootstrap --msa ../results/phyl_trees/all_projects_combined/vamp_mafft.fasta --model GTR+G --prefix T3_bootstraps --threads 3 --seed 2

Analysis options:
  run mode: Bootstrapping
  start tree(s): 
  bootstrap replicates: max: 1000 + bootstopping (autoMRE, cutoff: 0.030000)
  random seed: 2
  tip-inner: OFF
  pattern compression: ON
  per-rate scalers: OFF
  site repeats: ON
  branch lengths: proportional (ML estimate, algorithm: NR-FAST)
  SIMD kernels: AVX2
  parallelization: coarse-grained (auto), PTHREADS (3 threads), thread pinning: OFF

[00:00:00] Reading alignment from file: ../results/phyl_trees/all_projects_combined/vamp_mafft.fasta
[00:00:00] Loaded alignment with 183 taxa and 2038 sites

WARNING: Fully undetermined columns found: 7

WARNING: Sequences Thalassomyxa_strain_KibAr_KC779519 and Thalassomyxa_strain_V1ld4_KC779520 are exactly identical!
WARNING: Sequences 93ec799fa70cc9a684fdbec04fb423d8_Sim17 and 93ec799fa70cc9a684fdbec04fb423d8_Sim22 are exactly identical!
WARNING: Sequences 91b1f98492eba26f9f791cf7949afb56_NH4 and 91b1f98492eba26f9f791cf7949afb56_Sim17 are exactly identical!
WARNING: Sequences 91b1f98492eba26f9f791cf7949afb56_NH4 and 91b1f98492eba26f9f791cf7949afb56_Sim22 are exactly identical!
WARNING: Sequences 91b1f98492eba26f9f791cf7949afb56_NH4 and 91b1f98492eba26f9f791cf7949afb56_Th38 are exactly identical!
WARNING: Sequences 91b1f98492eba26f9f791cf7949afb56_NH4 and 91b1f98492eba26f9f791cf7949afb56_Th40 are exactly identical!
WARNING: Sequences fa04010ef186193e6af2567e8e77c9fd_Sim17 and fa04010ef186193e6af2567e8e77c9fd_Sim22 are exactly identical!
WARNING: Sequences Placopus_X_GU385615 and Placopus_XX_GU385647 are exactly identical!
WARNING: Duplicate sequences found: 8

NOTE: Reduced alignment (with duplicates and gap-only sites/taxa removed) 
NOTE: was saved to: /home/lubo/code/wRajter/vampyrella_2023/notebooks/T3_bootstraps.raxml.reduced.phy

Alignment comprises 1 partitions and 1485 patterns

Partition 0: noname
Model: GTR+FO+G4m
Alignment sites / patterns: 2031 / 1485
Gaps: 32.33 %
Invariant sites: 41.36 %


NOTE: Binary MSA file created: T3_bootstraps.raxml.rba

Parallelization scheme autoconfig: 3 worker(s) x 1 thread(s)

Parallel reduction/worker buffer size: 1 KB  / 0 KB

[00:00:00] Data distribution: max. partitions/sites/weight per thread: 1 / 1485 / 23760
[00:00:00] Data distribution: max. searches per worker: 334
[00:00:00] Starting bootstrapping analysis with 1000 replicates.

[00:01:21] [worker #1] Bootstrap tree #2, logLikelihood: -44869.031379
[00:01:57] [worker #0] Bootstrap tree #1, logLikelihood: -44429.424950
[00:02:03] [worker #2] Bootstrap tree #3, logLikelihood: -41538.998050
[00:02:46] [worker #1] Bootstrap tree #5, logLikelihood: -44154.887935
[00:03:25] [worker #0] Bootstrap tree #4, logLikelihood: -46735.432134
[00:03:36] [worker #2] Bootstrap tree #6, logLikelihood: -44204.626810
[00:04:18] [worker #1] Bootstrap tree #8, logLikelihood: -45237.013310
[00:04:53] [worker #0] Bootstrap tree #7, logLikelihood: -45025.108039
[00:05:04] [worker #2] Bootstrap tree #9, logLikelihood: -44321.401318
[00:05:55] [worker #1] Bootstrap tree #11, logLikelihood: -44991.322776
[00:06:28] [worker #0] Bootstrap tree #10, logLikelihood: -46297.575597
[00:06:42] [worker #2] Bootstrap tree #12, logLikelihood: -45301.455693
[00:07:24] [worker #1] Bootstrap tree #14, logLikelihood: -44979.176957
[00:08:09] [worker #0] Bootstrap tree #13, logLikelihood: -45527.835447
[00:08:44] [worker #1] Bootstrap tree #17, logLikelihood: -44629.531396
[00:08:47] [worker #2] Bootstrap tree #15, logLikelihood: -44525.196343
[00:09:33] [worker #0] Bootstrap tree #16, logLikelihood: -44171.314032
[00:10:03] [worker #1] Bootstrap tree #20, logLikelihood: -45106.576272
[00:10:16] [worker #2] Bootstrap tree #18, logLikelihood: -45043.556774
[00:10:53] [worker #0] Bootstrap tree #19, logLikelihood: -46861.191130
[00:11:30] [worker #1] Bootstrap tree #23, logLikelihood: -45612.785555
[00:11:43] [worker #2] Bootstrap tree #21, logLikelihood: -44679.631491
[00:12:23] [worker #0] Bootstrap tree #22, logLikelihood: -43531.625920
[00:12:53] [worker #1] Bootstrap tree #26, logLikelihood: -45836.364393
[00:13:18] [worker #2] Bootstrap tree #24, logLikelihood: -45679.234231
[00:14:28] [worker #1] Bootstrap tree #29, logLikelihood: -46210.583345
[00:14:40] [worker #0] Bootstrap tree #25, logLikelihood: -45534.833653
[00:14:50] [worker #2] Bootstrap tree #27, logLikelihood: -44176.573705
[00:15:53] [worker #1] Bootstrap tree #32, logLikelihood: -44201.235241
[00:16:11] [worker #0] Bootstrap tree #28, logLikelihood: -45658.176384
[00:16:14] [worker #2] Bootstrap tree #30, logLikelihood: -43904.940985
[00:17:23] [worker #1] Bootstrap tree #35, logLikelihood: -44544.794288
[00:18:01] [worker #0] Bootstrap tree #31, logLikelihood: -45748.649649
[00:18:15] [worker #2] Bootstrap tree #33, logLikelihood: -44704.875511
[00:19:14] [worker #1] Bootstrap tree #38, logLikelihood: -46604.386623
[00:19:41] [worker #2] Bootstrap tree #36, logLikelihood: -44537.568006
[00:20:49] [worker #0] Bootstrap tree #34, logLikelihood: -44246.756522
[00:21:05] [worker #1] Bootstrap tree #41, logLikelihood: -46216.407663
[00:21:16] [worker #2] Bootstrap tree #39, logLikelihood: -44930.794227
[00:22:15] [worker #0] Bootstrap tree #37, logLikelihood: -47306.143572
[00:23:36] [worker #2] Bootstrap tree #42, logLikelihood: -45014.811279
[00:24:08] [worker #1] Bootstrap tree #44, logLikelihood: -47618.101763
[00:24:48] [worker #0] Bootstrap tree #40, logLikelihood: -46813.909839
[00:25:24] [worker #2] Bootstrap tree #45, logLikelihood: -47038.344024
[00:25:38] [worker #1] Bootstrap tree #47, logLikelihood: -45887.572007
[00:26:18] [worker #0] Bootstrap tree #43, logLikelihood: -47532.942698
[00:26:59] [worker #2] Bootstrap tree #48, logLikelihood: -46008.736846
[00:27:03] [worker #1] Bootstrap tree #50, logLikelihood: -47125.038846
[00:28:06] [worker #0] Bootstrap tree #46, logLikelihood: -45595.041661
[00:29:28] [worker #0] Bootstrap tree #49, logLikelihood: -45921.936539
[00:32:04] [worker #1] Bootstrap tree #53, logLikelihood: -45731.780371
[00:32:06] [worker #0] Bootstrap tree #52, logLikelihood: -44387.628081
[00:32:36] [worker #2] Bootstrap tree #51, logLikelihood: -47714.321316
[00:34:05] [worker #1] Bootstrap tree #56, logLikelihood: -44424.284085
[00:34:26] [worker #0] Bootstrap tree #55, logLikelihood: -45448.171458
[00:35:29] [worker #2] Bootstrap tree #54, logLikelihood: -48083.665035
[00:35:32] [worker #1] Bootstrap tree #59, logLikelihood: -44559.826016
[00:36:16] [worker #0] Bootstrap tree #58, logLikelihood: -47896.193665
[00:36:57] [worker #1] Bootstrap tree #62, logLikelihood: -43725.376548
[00:37:23] [worker #2] Bootstrap tree #57, logLikelihood: -45611.242572
[00:38:09] [worker #0] Bootstrap tree #61, logLikelihood: -45808.721200
[00:38:31] [worker #1] Bootstrap tree #65, logLikelihood: -46167.646496
[00:38:59] [worker #2] Bootstrap tree #60, logLikelihood: -43314.818462
[00:39:39] [worker #0] Bootstrap tree #64, logLikelihood: -43609.478242
[00:40:21] [worker #2] Bootstrap tree #63, logLikelihood: -46133.117314
[00:40:27] [worker #1] Bootstrap tree #68, logLikelihood: -46675.947752
[00:41:06] [worker #0] Bootstrap tree #67, logLikelihood: -46240.577436
[00:41:45] [worker #2] Bootstrap tree #66, logLikelihood: -46440.108293
[00:42:32] [worker #0] Bootstrap tree #70, logLikelihood: -43997.420310
[00:42:40] [worker #1] Bootstrap tree #71, logLikelihood: -43330.590882
[00:43:09] [worker #2] Bootstrap tree #69, logLikelihood: -45718.229156
[00:44:08] [worker #1] Bootstrap tree #74, logLikelihood: -44211.336475
[00:44:49] [worker #0] Bootstrap tree #73, logLikelihood: -44469.484198
[00:44:53] [worker #2] Bootstrap tree #72, logLikelihood: -47126.196673
[00:45:48] [worker #1] Bootstrap tree #77, logLikelihood: -45872.251446
[00:46:33] [worker #2] Bootstrap tree #75, logLikelihood: -43704.957265
[00:46:53] [worker #0] Bootstrap tree #76, logLikelihood: -44422.746710
[00:47:18] [worker #1] Bootstrap tree #80, logLikelihood: -46388.293324
[00:48:03] [worker #2] Bootstrap tree #78, logLikelihood: -44628.717472
[00:48:25] [worker #0] Bootstrap tree #79, logLikelihood: -45426.545674
[00:49:01] [worker #1] Bootstrap tree #83, logLikelihood: -45407.401334
[00:49:38] [worker #2] Bootstrap tree #81, logLikelihood: -44447.944043
[00:50:17] [worker #0] Bootstrap tree #82, logLikelihood: -43902.060304
[00:51:01] [worker #1] Bootstrap tree #86, logLikelihood: -43619.057366
[00:51:10] [worker #2] Bootstrap tree #84, logLikelihood: -45768.258806
[00:51:39] [worker #0] Bootstrap tree #85, logLikelihood: -45797.572890
[00:52:23] [worker #1] Bootstrap tree #89, logLikelihood: -45121.799412
[00:52:38] [worker #2] Bootstrap tree #87, logLikelihood: -47035.630365
[00:53:09] [worker #0] Bootstrap tree #88, logLikelihood: -46073.533352
[00:54:10] [worker #1] Bootstrap tree #92, logLikelihood: -45195.068381
[00:54:22] [worker #2] Bootstrap tree #90, logLikelihood: -46854.852618
[00:54:47] [worker #0] Bootstrap tree #91, logLikelihood: -43763.088203
[00:55:35] [worker #1] Bootstrap tree #95, logLikelihood: -44719.735699
[00:56:07] [worker #0] Bootstrap tree #94, logLikelihood: -45656.065983
[00:56:31] [worker #2] Bootstrap tree #93, logLikelihood: -45955.909157
[00:57:06] [worker #1] Bootstrap tree #98, logLikelihood: -46093.966361
[00:57:26] [worker #0] Bootstrap tree #97, logLikelihood: -46394.855792
[00:57:48] [worker #2] Bootstrap tree #96, logLikelihood: -44217.612480
[00:59:15] [worker #2] Bootstrap tree #99, logLikelihood: -46237.450657
[00:59:20] [worker #0] Bootstrap tree #100, logLikelihood: -45769.336790
[01:00:53] [worker #2] Bootstrap tree #102, logLikelihood: -46643.794263
[01:00:57] [worker #1] Bootstrap tree #101, logLikelihood: -45060.905577
[01:01:36] [worker #0] Bootstrap tree #103, logLikelihood: -44779.558101
[01:02:32] [worker #1] Bootstrap tree #104, logLikelihood: -44171.522710
[01:02:50] [worker #2] Bootstrap tree #105, logLikelihood: -48325.148692
[01:03:17] [worker #0] Bootstrap tree #106, logLikelihood: -46950.406406
[01:04:38] [worker #1] Bootstrap tree #107, logLikelihood: -47142.940400
[01:04:38] [worker #2] Bootstrap tree #108, logLikelihood: -45718.372267
[01:05:10] [worker #0] Bootstrap tree #109, logLikelihood: -46929.786037
[01:06:17] [worker #2] Bootstrap tree #111, logLikelihood: -45455.684451
[01:06:44] [worker #1] Bootstrap tree #110, logLikelihood: -46638.093168
[01:07:17] [worker #0] Bootstrap tree #112, logLikelihood: -44502.779576
[01:08:04] [worker #1] Bootstrap tree #113, logLikelihood: -43909.251584
[01:08:27] [worker #2] Bootstrap tree #114, logLikelihood: -45947.884922
[01:08:46] [worker #0] Bootstrap tree #115, logLikelihood: -45615.587938
[01:09:42] [worker #1] Bootstrap tree #116, logLikelihood: -46674.319529
[01:09:58] [worker #2] Bootstrap tree #117, logLikelihood: -46743.126066
[01:10:10] [worker #0] Bootstrap tree #118, logLikelihood: -44549.121374
[01:11:49] [worker #0] Bootstrap tree #121, logLikelihood: -45269.944828
[01:11:49] [worker #1] Bootstrap tree #119, logLikelihood: -45217.840791
[01:12:42] [worker #2] Bootstrap tree #120, logLikelihood: -44409.551787
[01:13:09] [worker #0] Bootstrap tree #124, logLikelihood: -44634.101289
[01:13:43] [worker #1] Bootstrap tree #122, logLikelihood: -45310.456691
[01:14:17] [worker #2] Bootstrap tree #123, logLikelihood: -44151.347272
[01:14:30] [worker #0] Bootstrap tree #127, logLikelihood: -45112.575211
[01:15:31] [worker #1] Bootstrap tree #125, logLikelihood: -45572.931385
[01:16:16] [worker #2] Bootstrap tree #126, logLikelihood: -46210.940765
[01:16:25] [worker #0] Bootstrap tree #130, logLikelihood: -45455.489501
[01:16:54] [worker #1] Bootstrap tree #128, logLikelihood: -45364.215847
[01:17:53] [worker #2] Bootstrap tree #129, logLikelihood: -44506.311842
[01:17:57] [worker #0] Bootstrap tree #133, logLikelihood: -45948.795965
[01:18:13] [worker #1] Bootstrap tree #131, logLikelihood: -45866.871029
[01:19:23] [worker #2] Bootstrap tree #132, logLikelihood: -46964.073228
[01:19:40] [worker #1] Bootstrap tree #134, logLikelihood: -45322.340182
[01:20:14] [worker #0] Bootstrap tree #136, logLikelihood: -47276.021862
[01:21:07] [worker #1] Bootstrap tree #137, logLikelihood: -45303.830249
[01:21:18] [worker #2] Bootstrap tree #135, logLikelihood: -45563.504664
[01:22:25] [worker #0] Bootstrap tree #139, logLikelihood: -44784.750878
[01:22:45] [worker #1] Bootstrap tree #140, logLikelihood: -46190.482846
[01:22:51] [worker #2] Bootstrap tree #138, logLikelihood: -44346.351698
[01:24:12] [worker #1] Bootstrap tree #143, logLikelihood: -44738.714649
[01:24:14] [worker #2] Bootstrap tree #141, logLikelihood: -46310.800240
[01:25:13] [worker #0] Bootstrap tree #142, logLikelihood: -46331.574920
[01:25:34] [worker #2] Bootstrap tree #144, logLikelihood: -45771.263910
[01:25:36] [worker #1] Bootstrap tree #146, logLikelihood: -45442.280726
[01:26:35] [worker #0] Bootstrap tree #145, logLikelihood: -46367.776526
[01:27:04] [worker #1] Bootstrap tree #149, logLikelihood: -43638.573736
[01:27:05] [worker #2] Bootstrap tree #147, logLikelihood: -43639.021611
[01:28:03] [worker #0] Bootstrap tree #148, logLikelihood: -44905.149372
[01:28:30] [worker #2] Bootstrap tree #150, logLikelihood: -44927.534143
[01:30:02] [worker #1] Bootstrap tree #152, logLikelihood: -44969.680442
[01:30:09] [worker #0] Bootstrap tree #151, logLikelihood: -45641.720618
[01:30:16] [worker #2] Bootstrap tree #153, logLikelihood: -44427.894274
[01:31:30] [worker #1] Bootstrap tree #155, logLikelihood: -43395.743538
[01:31:49] [worker #0] Bootstrap tree #154, logLikelihood: -46092.499985
[01:32:50] [worker #2] Bootstrap tree #156, logLikelihood: -45493.841692
[01:33:06] [worker #1] Bootstrap tree #158, logLikelihood: -45966.873038
[01:33:56] [worker #0] Bootstrap tree #157, logLikelihood: -44873.113219
[01:34:25] [worker #2] Bootstrap tree #159, logLikelihood: -45903.024097
[01:34:34] [worker #1] Bootstrap tree #161, logLikelihood: -46177.078709
[01:35:29] [worker #0] Bootstrap tree #160, logLikelihood: -45380.734686
[01:35:44] [worker #2] Bootstrap tree #162, logLikelihood: -47179.517868
[01:36:02] [worker #1] Bootstrap tree #164, logLikelihood: -45460.767460
[01:37:09] [worker #0] Bootstrap tree #163, logLikelihood: -45655.299638
[01:37:35] [worker #1] Bootstrap tree #167, logLikelihood: -46002.659684
[01:37:57] [worker #2] Bootstrap tree #165, logLikelihood: -44721.787267
[01:38:46] [worker #0] Bootstrap tree #166, logLikelihood: -48344.064717
[01:38:58] [worker #1] Bootstrap tree #170, logLikelihood: -47946.798884
[01:39:27] [worker #2] Bootstrap tree #168, logLikelihood: -43064.795699
[01:40:14] [worker #0] Bootstrap tree #169, logLikelihood: -44493.175659
[01:40:59] [worker #1] Bootstrap tree #173, logLikelihood: -45155.363176
[01:41:00] [worker #2] Bootstrap tree #171, logLikelihood: -43353.391701
[01:41:32] [worker #0] Bootstrap tree #172, logLikelihood: -43460.830283
[01:42:24] [worker #1] Bootstrap tree #176, logLikelihood: -43674.599051
[01:42:43] [worker #2] Bootstrap tree #174, logLikelihood: -45583.341217
[01:42:58] [worker #0] Bootstrap tree #175, logLikelihood: -46161.036280
[01:43:48] [worker #1] Bootstrap tree #179, logLikelihood: -46365.535876
[01:44:30] [worker #0] Bootstrap tree #178, logLikelihood: -42001.628994
[01:44:39] [worker #2] Bootstrap tree #177, logLikelihood: -47294.258698
[01:45:29] [worker #1] Bootstrap tree #182, logLikelihood: -43834.513718
[01:45:59] [worker #0] Bootstrap tree #181, logLikelihood: -43931.272006
[01:46:08] [worker #2] Bootstrap tree #180, logLikelihood: -44109.529064
[01:46:52] [worker #1] Bootstrap tree #185, logLikelihood: -44982.429958
[01:47:25] [worker #0] Bootstrap tree #184, logLikelihood: -46705.403935
[01:47:39] [worker #2] Bootstrap tree #183, logLikelihood: -44802.443033
[01:48:25] [worker #1] Bootstrap tree #188, logLikelihood: -43506.686309
[01:48:50] [worker #0] Bootstrap tree #187, logLikelihood: -46529.736956
[01:49:26] [worker #2] Bootstrap tree #186, logLikelihood: -43856.064104
[01:50:01] [worker #1] Bootstrap tree #191, logLikelihood: -47119.936152
[01:50:59] [worker #2] Bootstrap tree #189, logLikelihood: -48721.986229
[01:51:01] [worker #0] Bootstrap tree #190, logLikelihood: -44424.116488
[01:51:32] [worker #1] Bootstrap tree #194, logLikelihood: -45691.516933
[01:52:37] [worker #0] Bootstrap tree #193, logLikelihood: -45928.531236
[01:52:42] [worker #2] Bootstrap tree #192, logLikelihood: -45767.754347
[01:53:05] [worker #1] Bootstrap tree #197, logLikelihood: -43403.636958
[01:54:13] [worker #2] Bootstrap tree #195, logLikelihood: -44672.209016
[01:54:21] [worker #0] Bootstrap tree #196, logLikelihood: -46292.130843
[01:54:50] [worker #1] Bootstrap tree #200, logLikelihood: -46974.123493
[01:55:48] [worker #2] Bootstrap tree #198, logLikelihood: -44616.501406
[01:56:25] [worker #0] Bootstrap tree #199, logLikelihood: -46121.924649
[01:58:02] [worker #1] Bootstrap tree #203, logLikelihood: -46790.867034
[01:58:03] [worker #2] Bootstrap tree #201, logLikelihood: -42727.996642
[01:58:12] [worker #0] Bootstrap tree #202, logLikelihood: -44355.078580
[01:59:50] [worker #1] Bootstrap tree #206, logLikelihood: -45855.716293
[01:59:54] [worker #0] Bootstrap tree #205, logLikelihood: -47205.755777
[02:00:04] [worker #2] Bootstrap tree #204, logLikelihood: -44865.800371
[02:01:46] [worker #0] Bootstrap tree #208, logLikelihood: -48472.340489
[02:01:54] [worker #2] Bootstrap tree #207, logLikelihood: -46888.384573
[02:02:01] [worker #1] Bootstrap tree #209, logLikelihood: -44518.037895
[02:03:29] [worker #2] Bootstrap tree #210, logLikelihood: -46273.805472
[02:03:37] [worker #0] Bootstrap tree #211, logLikelihood: -42572.633437
[02:03:40] [worker #1] Bootstrap tree #212, logLikelihood: -45686.110434
[02:05:10] [worker #1] Bootstrap tree #215, logLikelihood: -44583.335070
[02:05:17] [worker #0] Bootstrap tree #214, logLikelihood: -46018.791825
[02:05:49] [worker #2] Bootstrap tree #213, logLikelihood: -42574.449611
[02:06:52] [worker #1] Bootstrap tree #218, logLikelihood: -44260.317940
[02:06:54] [worker #0] Bootstrap tree #217, logLikelihood: -44520.314884
[02:07:07] [worker #2] Bootstrap tree #216, logLikelihood: -44507.690091
[02:08:16] [worker #1] Bootstrap tree #221, logLikelihood: -45583.589401
[02:08:29] [worker #0] Bootstrap tree #220, logLikelihood: -46670.418458
[02:08:35] [worker #2] Bootstrap tree #219, logLikelihood: -46615.477220
[02:10:28] [worker #2] Bootstrap tree #222, logLikelihood: -46825.284870
[02:10:38] [worker #1] Bootstrap tree #224, logLikelihood: -42769.874880
[02:11:08] [worker #0] Bootstrap tree #223, logLikelihood: -42402.304929
[02:12:05] [worker #1] Bootstrap tree #227, logLikelihood: -42809.445991
[02:12:18] [worker #2] Bootstrap tree #225, logLikelihood: -48064.087962
[02:12:47] [worker #0] Bootstrap tree #226, logLikelihood: -45130.365689
[02:13:45] [worker #1] Bootstrap tree #230, logLikelihood: -44105.301958
[02:14:13] [worker #2] Bootstrap tree #228, logLikelihood: -46321.485900
[02:14:22] [worker #0] Bootstrap tree #229, logLikelihood: -45322.290340
[02:15:20] [worker #1] Bootstrap tree #233, logLikelihood: -44754.091073
[02:15:39] [worker #2] Bootstrap tree #231, logLikelihood: -45920.973107
[02:16:40] [worker #0] Bootstrap tree #232, logLikelihood: -43627.457789
[02:16:58] [worker #2] Bootstrap tree #234, logLikelihood: -47351.743157
[02:17:13] [worker #1] Bootstrap tree #236, logLikelihood: -46983.109789
[02:18:00] [worker #0] Bootstrap tree #235, logLikelihood: -45376.700867
[02:18:20] [worker #2] Bootstrap tree #237, logLikelihood: -44289.374287
[02:18:46] [worker #1] Bootstrap tree #239, logLikelihood: -45724.848607
[02:19:19] [worker #0] Bootstrap tree #238, logLikelihood: -46291.172637
[02:19:42] [worker #2] Bootstrap tree #240, logLikelihood: -44282.490620
[02:20:11] [worker #1] Bootstrap tree #242, logLikelihood: -42443.213934
[02:20:49] [worker #0] Bootstrap tree #241, logLikelihood: -45993.665537
[02:21:00] [worker #2] Bootstrap tree #243, logLikelihood: -44638.434198
[02:21:30] [worker #1] Bootstrap tree #245, logLikelihood: -42948.548372
[02:22:19] [worker #0] Bootstrap tree #244, logLikelihood: -45686.464575
[02:22:20] [worker #2] Bootstrap tree #246, logLikelihood: -45957.859581
[02:23:16] [worker #1] Bootstrap tree #248, logLikelihood: -45751.023936
[02:23:45] [worker #2] Bootstrap tree #249, logLikelihood: -46184.021964
[02:24:14] [worker #0] Bootstrap tree #247, logLikelihood: -44748.863618
[02:25:47] [worker #0] Bootstrap tree #250, logLikelihood: -46974.542696
[02:27:17] [worker #2] Bootstrap tree #252, logLikelihood: -46016.312140
[02:27:19] [worker #1] Bootstrap tree #251, logLikelihood: -48716.557289
[02:27:35] [worker #0] Bootstrap tree #253, logLikelihood: -45442.691758
[02:28:45] [worker #1] Bootstrap tree #254, logLikelihood: -43339.082497
[02:28:54] [worker #2] Bootstrap tree #255, logLikelihood: -45190.087371
[02:28:59] [worker #0] Bootstrap tree #256, logLikelihood: -44494.123381
[02:30:52] [worker #1] Bootstrap tree #257, logLikelihood: -43914.440908
[02:30:55] [worker #0] Bootstrap tree #259, logLikelihood: -46617.613653
[02:31:00] [worker #2] Bootstrap tree #258, logLikelihood: -42637.294232
[02:32:27] [worker #1] Bootstrap tree #260, logLikelihood: -44747.219850
[02:32:43] [worker #0] Bootstrap tree #262, logLikelihood: -47460.675955
[02:33:20] [worker #2] Bootstrap tree #261, logLikelihood: -46024.340548
[02:34:07] [worker #0] Bootstrap tree #265, logLikelihood: -45802.820880
[02:34:13] [worker #1] Bootstrap tree #263, logLikelihood: -46267.424767
[02:35:09] [worker #2] Bootstrap tree #264, logLikelihood: -44852.423608
[02:35:31] [worker #0] Bootstrap tree #268, logLikelihood: -46333.944212
[02:35:45] [worker #1] Bootstrap tree #266, logLikelihood: -44138.203109
[02:37:00] [worker #2] Bootstrap tree #267, logLikelihood: -43213.287046
[02:37:36] [worker #0] Bootstrap tree #271, logLikelihood: -48546.761421
[02:37:43] [worker #1] Bootstrap tree #269, logLikelihood: -45911.767559
[02:38:50] [worker #2] Bootstrap tree #270, logLikelihood: -48536.359252
[02:38:58] [worker #1] Bootstrap tree #272, logLikelihood: -43165.372971
[02:39:08] [worker #0] Bootstrap tree #274, logLikelihood: -45715.679120
[02:40:30] [worker #2] Bootstrap tree #273, logLikelihood: -46174.935748
[02:40:37] [worker #1] Bootstrap tree #275, logLikelihood: -44725.821401
[02:40:42] [worker #0] Bootstrap tree #277, logLikelihood: -45325.045190
[02:42:03] [worker #2] Bootstrap tree #276, logLikelihood: -45627.918806
[02:42:08] [worker #1] Bootstrap tree #278, logLikelihood: -46308.599886
[02:42:13] [worker #0] Bootstrap tree #280, logLikelihood: -45652.633633
[02:43:38] [worker #1] Bootstrap tree #281, logLikelihood: -44612.293389
[02:43:53] [worker #0] Bootstrap tree #283, logLikelihood: -43694.012784
[02:44:01] [worker #2] Bootstrap tree #279, logLikelihood: -44619.601574
[02:45:07] [worker #1] Bootstrap tree #284, logLikelihood: -42819.104580
[02:45:18] [worker #0] Bootstrap tree #286, logLikelihood: -47053.485248
[02:45:39] [worker #2] Bootstrap tree #282, logLikelihood: -46842.824762
[02:46:44] [worker #1] Bootstrap tree #287, logLikelihood: -46562.700167
[02:46:57] [worker #0] Bootstrap tree #289, logLikelihood: -44996.153256
[02:47:09] [worker #2] Bootstrap tree #285, logLikelihood: -44853.713756
[02:48:29] [worker #1] Bootstrap tree #290, logLikelihood: -45023.998478
[02:48:40] [worker #0] Bootstrap tree #292, logLikelihood: -46019.184742
[02:48:44] [worker #2] Bootstrap tree #288, logLikelihood: -45904.610861
[02:50:25] [worker #2] Bootstrap tree #291, logLikelihood: -46466.911463
[02:50:31] [worker #1] Bootstrap tree #293, logLikelihood: -45131.274256
[02:51:01] [worker #0] Bootstrap tree #295, logLikelihood: -43409.690163
[02:51:58] [worker #2] Bootstrap tree #294, logLikelihood: -45461.658137
[02:52:15] [worker #1] Bootstrap tree #296, logLikelihood: -45363.717688
[02:53:35] [worker #0] Bootstrap tree #298, logLikelihood: -46121.227662
[02:53:42] [worker #2] Bootstrap tree #297, logLikelihood: -43899.444928
[02:53:53] [worker #1] Bootstrap tree #299, logLikelihood: -43929.156247
[02:55:29] [worker #2] Bootstrap tree #300, logLikelihood: -44901.754384
[02:57:15] [worker #1] Bootstrap tree #302, logLikelihood: -46593.246857
[02:57:25] [worker #2] Bootstrap tree #303, logLikelihood: -44544.890764
[02:58:13] [worker #0] Bootstrap tree #301, logLikelihood: -46682.557092
[02:59:19] [worker #1] Bootstrap tree #305, logLikelihood: -44118.228442
[02:59:31] [worker #2] Bootstrap tree #306, logLikelihood: -44833.930350
[03:00:05] [worker #0] Bootstrap tree #304, logLikelihood: -47559.381845
[03:01:01] [worker #1] Bootstrap tree #308, logLikelihood: -44734.988972
[03:01:30] [worker #2] Bootstrap tree #309, logLikelihood: -43723.751419
[03:01:51] [worker #0] Bootstrap tree #307, logLikelihood: -44221.362371
[03:02:43] [worker #1] Bootstrap tree #311, logLikelihood: -46055.149306
[03:03:12] [worker #2] Bootstrap tree #312, logLikelihood: -43880.757719
[03:03:52] [worker #0] Bootstrap tree #310, logLikelihood: -46708.255666
[03:04:51] [worker #1] Bootstrap tree #314, logLikelihood: -44928.831647
[03:05:17] [worker #2] Bootstrap tree #315, logLikelihood: -43844.187886
[03:06:47] [worker #1] Bootstrap tree #317, logLikelihood: -47929.253214
[03:07:01] [worker #0] Bootstrap tree #313, logLikelihood: -45355.290565
[03:07:05] [worker #2] Bootstrap tree #318, logLikelihood: -43650.379070
[03:08:36] [worker #1] Bootstrap tree #320, logLikelihood: -46994.490734
[03:08:43] [worker #0] Bootstrap tree #316, logLikelihood: -43867.625551
[03:08:57] [worker #2] Bootstrap tree #321, logLikelihood: -46066.069730
[03:10:27] [worker #1] Bootstrap tree #323, logLikelihood: -43348.636904
[03:10:31] [worker #0] Bootstrap tree #319, logLikelihood: -45849.012991
[03:10:54] [worker #2] Bootstrap tree #324, logLikelihood: -47829.586797
[03:12:06] [worker #1] Bootstrap tree #326, logLikelihood: -43751.883186
[03:12:29] [worker #2] Bootstrap tree #327, logLikelihood: -43126.794411
[03:13:06] [worker #0] Bootstrap tree #322, logLikelihood: -44345.482080
[03:13:48] [worker #1] Bootstrap tree #329, logLikelihood: -46789.709687
[03:14:07] [worker #2] Bootstrap tree #330, logLikelihood: -45141.989574
[03:14:53] [worker #0] Bootstrap tree #325, logLikelihood: -44557.051434
[03:15:25] [worker #1] Bootstrap tree #332, logLikelihood: -45170.997468
[03:15:35] [worker #2] Bootstrap tree #333, logLikelihood: -44837.828027
[03:16:47] [worker #0] Bootstrap tree #328, logLikelihood: -45276.636446
[03:17:08] [worker #2] Bootstrap tree #336, logLikelihood: -44812.870004
[03:17:11] [worker #1] Bootstrap tree #335, logLikelihood: -44861.071140
[03:18:16] [worker #0] Bootstrap tree #331, logLikelihood: -45181.686971
[03:18:43] [worker #1] Bootstrap tree #338, logLikelihood: -45482.847845
[03:18:52] [worker #2] Bootstrap tree #339, logLikelihood: -44923.849455
[03:19:56] [worker #0] Bootstrap tree #334, logLikelihood: -45356.025356
[03:20:33] [worker #2] Bootstrap tree #342, logLikelihood: -44707.189410
[03:20:40] [worker #1] Bootstrap tree #341, logLikelihood: -46249.822773
[03:21:22] [worker #0] Bootstrap tree #337, logLikelihood: -45975.642403
[03:21:54] [worker #2] Bootstrap tree #345, logLikelihood: -45818.834600
[03:22:00] [worker #1] Bootstrap tree #344, logLikelihood: -45103.901750
[03:22:54] [worker #0] Bootstrap tree #340, logLikelihood: -48193.986620
[03:23:41] [worker #2] Bootstrap tree #348, logLikelihood: -45923.782536
[03:23:54] [worker #1] Bootstrap tree #347, logLikelihood: -45901.074617
[03:24:23] [worker #0] Bootstrap tree #343, logLikelihood: -46409.302135
[03:25:22] [worker #1] Bootstrap tree #350, logLikelihood: -44023.855421
[03:25:45] [worker #0] Bootstrap tree #346, logLikelihood: -45394.117227
[03:26:59] [worker #0] Bootstrap tree #349, logLikelihood: -46184.381968
[03:28:39] [worker #2] Bootstrap tree #351, logLikelihood: -45634.639135
[03:29:01] [worker #1] Bootstrap tree #353, logLikelihood: -45674.811987
[03:29:01] [worker #0] Bootstrap tree #352, logLikelihood: -42347.560909
[03:30:12] [worker #2] Bootstrap tree #354, logLikelihood: -46141.502680
[03:30:28] [worker #1] Bootstrap tree #356, logLikelihood: -43972.301715
[03:30:33] [worker #0] Bootstrap tree #355, logLikelihood: -45425.533981
[03:31:46] [worker #2] Bootstrap tree #357, logLikelihood: -48201.454213
[03:31:55] [worker #1] Bootstrap tree #359, logLikelihood: -42010.887916
[03:32:06] [worker #0] Bootstrap tree #358, logLikelihood: -46701.920875
[03:33:12] [worker #2] Bootstrap tree #360, logLikelihood: -46322.245659
[03:33:16] [worker #1] Bootstrap tree #362, logLikelihood: -45695.529464
[03:33:55] [worker #0] Bootstrap tree #361, logLikelihood: -46560.728344
[03:34:45] [worker #1] Bootstrap tree #365, logLikelihood: -45382.925828
[03:35:03] [worker #2] Bootstrap tree #363, logLikelihood: -42833.179416
[03:36:13] [worker #0] Bootstrap tree #364, logLikelihood: -46099.299520
[03:36:14] [worker #1] Bootstrap tree #368, logLikelihood: -45979.593330
[03:36:33] [worker #2] Bootstrap tree #366, logLikelihood: -45141.285902
[03:37:39] [worker #0] Bootstrap tree #367, logLikelihood: -46867.533028
[03:37:49] [worker #1] Bootstrap tree #371, logLikelihood: -46512.199567
[03:38:03] [worker #2] Bootstrap tree #369, logLikelihood: -45804.578312
[03:39:22] [worker #0] Bootstrap tree #370, logLikelihood: -44058.935374
[03:39:36] [worker #1] Bootstrap tree #374, logLikelihood: -46700.773233
[03:39:52] [worker #2] Bootstrap tree #372, logLikelihood: -43934.127771
[03:40:55] [worker #0] Bootstrap tree #373, logLikelihood: -46204.093529
[03:40:55] [worker #1] Bootstrap tree #377, logLikelihood: -47343.414985
[03:41:38] [worker #2] Bootstrap tree #375, logLikelihood: -46991.033265
[03:42:20] [worker #1] Bootstrap tree #380, logLikelihood: -44077.060330
[03:42:45] [worker #0] Bootstrap tree #376, logLikelihood: -44567.536690
[03:43:03] [worker #2] Bootstrap tree #378, logLikelihood: -43420.702399
[03:43:55] [worker #1] Bootstrap tree #383, logLikelihood: -46525.666595
[03:44:24] [worker #0] Bootstrap tree #379, logLikelihood: -45698.319796
[03:44:27] [worker #2] Bootstrap tree #381, logLikelihood: -43306.135707
[03:45:22] [worker #1] Bootstrap tree #386, logLikelihood: -45318.943867
[03:46:08] [worker #0] Bootstrap tree #382, logLikelihood: -44276.520350
[03:46:14] [worker #2] Bootstrap tree #384, logLikelihood: -46118.567649
[03:46:42] [worker #1] Bootstrap tree #389, logLikelihood: -45023.374370
[03:47:31] [worker #2] Bootstrap tree #387, logLikelihood: -44398.148655
[03:47:32] [worker #0] Bootstrap tree #385, logLikelihood: -45184.943536
[03:48:05] [worker #1] Bootstrap tree #392, logLikelihood: -45582.531773
[03:48:54] [worker #2] Bootstrap tree #390, logLikelihood: -44327.638738
[03:49:02] [worker #0] Bootstrap tree #388, logLikelihood: -45418.903333
[03:49:28] [worker #1] Bootstrap tree #395, logLikelihood: -45301.680483
[03:50:27] [worker #2] Bootstrap tree #393, logLikelihood: -45506.517498
[03:50:38] [worker #0] Bootstrap tree #391, logLikelihood: -43830.297405
[03:51:23] [worker #1] Bootstrap tree #398, logLikelihood: -45584.310022
[03:51:57] [worker #0] Bootstrap tree #394, logLikelihood: -42617.294599
[03:51:58] [worker #2] Bootstrap tree #396, logLikelihood: -44020.720766
[03:53:18] [worker #2] Bootstrap tree #399, logLikelihood: -43365.933664
[03:53:21] [worker #0] Bootstrap tree #397, logLikelihood: -44435.880727
[03:54:45] [worker #0] Bootstrap tree #400, logLikelihood: -43526.364070
[03:56:13] [worker #0] Bootstrap tree #403, logLikelihood: -45656.602073
[03:56:16] [worker #1] Bootstrap tree #401, logLikelihood: -43357.752279
[03:56:41] [worker #2] Bootstrap tree #402, logLikelihood: -46476.002284
[03:57:34] [worker #1] Bootstrap tree #404, logLikelihood: -46197.177016
[03:57:45] [worker #0] Bootstrap tree #406, logLikelihood: -46141.104815
[03:58:04] [worker #2] Bootstrap tree #405, logLikelihood: -44486.688680
[03:59:07] [worker #1] Bootstrap tree #407, logLikelihood: -45264.043701
[03:59:16] [worker #0] Bootstrap tree #409, logLikelihood: -45395.559102
[03:59:31] [worker #2] Bootstrap tree #408, logLikelihood: -45889.253552
[04:00:36] [worker #1] Bootstrap tree #410, logLikelihood: -45846.465373
[04:00:42] [worker #0] Bootstrap tree #412, logLikelihood: -46730.742494
[04:00:57] [worker #2] Bootstrap tree #411, logLikelihood: -44352.817512
[04:02:10] [worker #1] Bootstrap tree #413, logLikelihood: -50114.487817
[04:02:25] [worker #2] Bootstrap tree #414, logLikelihood: -46492.944323
[04:02:37] [worker #0] Bootstrap tree #415, logLikelihood: -43176.847691
[04:03:39] [worker #1] Bootstrap tree #416, logLikelihood: -46014.258841
[04:03:49] [worker #2] Bootstrap tree #417, logLikelihood: -45645.229377
[04:04:02] [worker #0] Bootstrap tree #418, logLikelihood: -43713.521249
[04:05:07] [worker #1] Bootstrap tree #419, logLikelihood: -44983.673184
[04:05:12] [worker #2] Bootstrap tree #420, logLikelihood: -41906.431849
[04:06:12] [worker #0] Bootstrap tree #421, logLikelihood: -43556.286822
[04:06:30] [worker #1] Bootstrap tree #422, logLikelihood: -42863.739108
[04:06:38] [worker #2] Bootstrap tree #423, logLikelihood: -45623.255960
[04:07:39] [worker #0] Bootstrap tree #424, logLikelihood: -44659.584302
[04:08:09] [worker #2] Bootstrap tree #426, logLikelihood: -44875.359595
[04:08:29] [worker #1] Bootstrap tree #425, logLikelihood: -43028.335556
[04:09:11] [worker #0] Bootstrap tree #427, logLikelihood: -45817.752536
[04:09:52] [worker #1] Bootstrap tree #428, logLikelihood: -43833.289691
[04:10:46] [worker #2] Bootstrap tree #429, logLikelihood: -45021.752425
[04:10:58] [worker #0] Bootstrap tree #430, logLikelihood: -45361.835429
[04:11:12] [worker #1] Bootstrap tree #431, logLikelihood: -43397.222122
[04:12:08] [worker #2] Bootstrap tree #432, logLikelihood: -44545.711466
[04:12:35] [worker #1] Bootstrap tree #434, logLikelihood: -45586.851238
[04:12:44] [worker #0] Bootstrap tree #433, logLikelihood: -43789.801139
[04:13:43] [worker #2] Bootstrap tree #435, logLikelihood: -46256.488713
[04:14:10] [worker #0] Bootstrap tree #436, logLikelihood: -46584.482467
[04:14:22] [worker #1] Bootstrap tree #437, logLikelihood: -44289.545750
[04:15:28] [worker #2] Bootstrap tree #438, logLikelihood: -44215.559672
[04:15:37] [worker #0] Bootstrap tree #439, logLikelihood: -44839.132783
[04:15:56] [worker #1] Bootstrap tree #440, logLikelihood: -47097.021720
[04:17:06] [worker #0] Bootstrap tree #442, logLikelihood: -45787.566049
[04:17:23] [worker #1] Bootstrap tree #443, logLikelihood: -43481.632685
[04:17:26] [worker #2] Bootstrap tree #441, logLikelihood: -46115.791576
[04:18:30] [worker #0] Bootstrap tree #445, logLikelihood: -45895.384900
[04:18:54] [worker #2] Bootstrap tree #444, logLikelihood: -45195.343282
[04:18:55] [worker #1] Bootstrap tree #446, logLikelihood: -44653.910931
[04:20:41] [worker #0] Bootstrap tree #448, logLikelihood: -45474.356319
[04:20:54] [worker #2] Bootstrap tree #447, logLikelihood: -47215.416594
[04:21:06] [worker #1] Bootstrap tree #449, logLikelihood: -46015.451266
[04:22:15] [worker #2] Bootstrap tree #450, logLikelihood: -45412.614855
[04:23:45] [worker #0] Bootstrap tree #451, logLikelihood: -45452.613561
[04:23:46] [worker #1] Bootstrap tree #452, logLikelihood: -43987.932244
[04:23:55] [worker #2] Bootstrap tree #453, logLikelihood: -46349.043295
[04:25:16] [worker #1] Bootstrap tree #455, logLikelihood: -45358.474460
[04:25:20] [worker #0] Bootstrap tree #454, logLikelihood: -45605.603078
[04:25:34] [worker #2] Bootstrap tree #456, logLikelihood: -46949.432077
[04:26:59] [worker #1] Bootstrap tree #458, logLikelihood: -44098.996220
[04:27:05] [worker #2] Bootstrap tree #459, logLikelihood: -41903.460106
[04:27:11] [worker #0] Bootstrap tree #457, logLikelihood: -46811.401085
[04:28:47] [worker #0] Bootstrap tree #460, logLikelihood: -45762.383579
[04:29:11] [worker #1] Bootstrap tree #461, logLikelihood: -46176.189910
[04:29:23] [worker #2] Bootstrap tree #462, logLikelihood: -46835.098078
[04:30:34] [worker #1] Bootstrap tree #464, logLikelihood: -43518.768330
[04:31:04] [worker #0] Bootstrap tree #463, logLikelihood: -47630.958005
[04:31:20] [worker #2] Bootstrap tree #465, logLikelihood: -45663.607902
[04:32:10] [worker #1] Bootstrap tree #467, logLikelihood: -45251.979361
[04:32:50] [worker #2] Bootstrap tree #468, logLikelihood: -44084.932237
[04:33:50] [worker #1] Bootstrap tree #470, logLikelihood: -46492.233451
[04:33:59] [worker #0] Bootstrap tree #466, logLikelihood: -45842.683788
[04:34:23] [worker #2] Bootstrap tree #471, logLikelihood: -45085.239295
[04:35:30] [worker #1] Bootstrap tree #473, logLikelihood: -45304.034713
[04:35:36] [worker #0] Bootstrap tree #469, logLikelihood: -45341.701832
[04:35:50] [worker #2] Bootstrap tree #474, logLikelihood: -45262.038404
[04:37:01] [worker #1] Bootstrap tree #476, logLikelihood: -45382.297439
[04:37:15] [worker #0] Bootstrap tree #472, logLikelihood: -43237.725128
[04:37:35] [worker #2] Bootstrap tree #477, logLikelihood: -45876.888763
[04:38:41] [worker #1] Bootstrap tree #479, logLikelihood: -44436.291651
[04:38:52] [worker #0] Bootstrap tree #475, logLikelihood: -45626.263961
[04:39:03] [worker #2] Bootstrap tree #480, logLikelihood: -44806.071226
[04:40:08] [worker #1] Bootstrap tree #482, logLikelihood: -45578.041554
[04:40:33] [worker #0] Bootstrap tree #478, logLikelihood: -43601.503692
[04:40:42] [worker #2] Bootstrap tree #483, logLikelihood: -47453.823904
[04:42:00] [worker #0] Bootstrap tree #481, logLikelihood: -45816.550450
[04:42:18] [worker #1] Bootstrap tree #485, logLikelihood: -46114.171024
[04:42:19] [worker #2] Bootstrap tree #486, logLikelihood: -43724.341030
[04:43:47] [worker #0] Bootstrap tree #484, logLikelihood: -47118.521013
[04:43:53] [worker #1] Bootstrap tree #488, logLikelihood: -45685.412193
[04:44:10] [worker #2] Bootstrap tree #489, logLikelihood: -45874.450481
[04:45:26] [worker #1] Bootstrap tree #491, logLikelihood: -42914.644960
[04:45:33] [worker #0] Bootstrap tree #487, logLikelihood: -45056.511565
[04:45:39] [worker #2] Bootstrap tree #492, logLikelihood: -43914.476176
[04:47:05] [worker #1] Bootstrap tree #494, logLikelihood: -44958.768717
[04:47:08] [worker #0] Bootstrap tree #490, logLikelihood: -43791.336729
[04:47:19] [worker #2] Bootstrap tree #495, logLikelihood: -45636.585921
[04:48:35] [worker #0] Bootstrap tree #493, logLikelihood: -45518.972877
[04:48:40] [worker #1] Bootstrap tree #497, logLikelihood: -45746.856286
[04:49:00] [worker #2] Bootstrap tree #498, logLikelihood: -45294.939608
[04:50:02] [worker #0] Bootstrap tree #496, logLikelihood: -46244.276031
[04:50:15] [worker #1] Bootstrap tree #500, logLikelihood: -45053.533154
[04:51:35] [worker #0] Bootstrap tree #499, logLikelihood: -45912.320125
[04:53:05] [worker #2] Bootstrap tree #501, logLikelihood: -46897.993857
[04:53:15] [worker #0] Bootstrap tree #502, logLikelihood: -44078.347034
[04:53:18] [worker #1] Bootstrap tree #503, logLikelihood: -45676.934819
[04:54:41] [worker #2] Bootstrap tree #504, logLikelihood: -45292.110937
[04:54:50] [worker #0] Bootstrap tree #505, logLikelihood: -43797.474835
[04:54:54] [worker #1] Bootstrap tree #506, logLikelihood: -43426.130216
[04:56:20] [worker #0] Bootstrap tree #508, logLikelihood: -46913.862312
[04:56:36] [worker #1] Bootstrap tree #509, logLikelihood: -43106.465323
[04:56:38] [worker #2] Bootstrap tree #507, logLikelihood: -45660.944306
[04:57:54] [worker #0] Bootstrap tree #511, logLikelihood: -44834.137279
[04:58:16] [worker #1] Bootstrap tree #512, logLikelihood: -45470.629176
[04:58:30] [worker #2] Bootstrap tree #510, logLikelihood: -45515.779747
[04:59:33] [worker #0] Bootstrap tree #514, logLikelihood: -45410.317185
[05:00:03] [worker #2] Bootstrap tree #513, logLikelihood: -45872.484779
[05:00:11] [worker #1] Bootstrap tree #515, logLikelihood: -43526.542446
[05:01:11] [worker #0] Bootstrap tree #517, logLikelihood: -45400.229343
[05:01:49] [worker #1] Bootstrap tree #518, logLikelihood: -44655.982438
[05:01:56] [worker #2] Bootstrap tree #516, logLikelihood: -44255.046489
[05:03:02] [worker #0] Bootstrap tree #520, logLikelihood: -45527.101933
[05:03:15] [worker #1] Bootstrap tree #521, logLikelihood: -43595.442575
[05:03:36] [worker #2] Bootstrap tree #519, logLikelihood: -44088.123981
[05:04:27] [worker #0] Bootstrap tree #523, logLikelihood: -43923.082034
[05:04:46] [worker #1] Bootstrap tree #524, logLikelihood: -46675.658920
[05:05:23] [worker #2] Bootstrap tree #522, logLikelihood: -47271.070307
[05:06:15] [worker #0] Bootstrap tree #526, logLikelihood: -43581.116026
[05:06:20] [worker #1] Bootstrap tree #527, logLikelihood: -46289.653810
[05:07:11] [worker #2] Bootstrap tree #525, logLikelihood: -46218.219268
[05:07:50] [worker #1] Bootstrap tree #530, logLikelihood: -44116.796029
[05:08:11] [worker #0] Bootstrap tree #529, logLikelihood: -45277.363990
[05:08:35] [worker #2] Bootstrap tree #528, logLikelihood: -45988.332504
[05:09:40] [worker #1] Bootstrap tree #533, logLikelihood: -44311.541099
[05:09:51] [worker #0] Bootstrap tree #532, logLikelihood: -47103.413650
[05:10:23] [worker #2] Bootstrap tree #531, logLikelihood: -47793.289351
[05:11:23] [worker #0] Bootstrap tree #535, logLikelihood: -44985.446232
[05:11:53] [worker #1] Bootstrap tree #536, logLikelihood: -44144.862314
[05:12:15] [worker #2] Bootstrap tree #534, logLikelihood: -46515.774682
[05:13:01] [worker #0] Bootstrap tree #538, logLikelihood: -46321.454987
[05:13:23] [worker #1] Bootstrap tree #539, logLikelihood: -43916.602152
[05:14:04] [worker #2] Bootstrap tree #537, logLikelihood: -47220.268032
[05:14:46] [worker #0] Bootstrap tree #541, logLikelihood: -45092.606203
[05:14:48] [worker #1] Bootstrap tree #542, logLikelihood: -43573.814152
[05:15:22] [worker #2] Bootstrap tree #540, logLikelihood: -44802.982154
[05:16:19] [worker #1] Bootstrap tree #545, logLikelihood: -42663.785127
[05:16:41] [worker #0] Bootstrap tree #544, logLikelihood: -48162.545777
[05:16:53] [worker #2] Bootstrap tree #543, logLikelihood: -47415.569602
[05:17:47] [worker #1] Bootstrap tree #548, logLikelihood: -45338.054415
[05:18:17] [worker #0] Bootstrap tree #547, logLikelihood: -45422.503257
[05:18:27] [worker #2] Bootstrap tree #546, logLikelihood: -43558.135317
[05:19:48] [worker #2] Bootstrap tree #549, logLikelihood: -44372.310360
[05:20:01] [worker #0] Bootstrap tree #550, logLikelihood: -45244.973659
[05:20:03] Bootstrapping converged after 550 replicates.

Bootstrap trees saved to: /home/lubo/code/wRajter/vampyrella_2023/notebooks/T3_bootstraps.raxml.bootstraps

Execution log saved to: /home/lubo/code/wRajter/vampyrella_2023/notebooks/T3_bootstraps.raxml.log

Analysis started: 11-Dec-2023 12:33:00 / finished: 11-Dec-2023 17:53:04

Elapsed time: 19204.127 seconds

