
RAxML-NG v. 1.1.0 released on 29.11.2021 by The Exelixis Lab.
Developed by: Alexey M. Kozlov and Alexandros Stamatakis.
Contributors: Diego Darriba, Tomas Flouri, Benoit Morel, Sarah Lutteropp, Ben Bettisworth.
Latest version: https://github.com/amkozlov/raxml-ng
Questions/problems/suggestions? Please visit: https://groups.google.com/forum/#!forum/raxml

System: 11th Gen Intel(R) Core(TM) i7-11850H @ 2.50GHz, 8 cores, 11 GB RAM

RAxML-NG was called at 24-Nov-2023 13:14:22 as follows:

raxml-ng --msa ../results/phyl_trees/Suthaus_2022/Full18S/RAD/sim_90/vamp_mafft.fasta --model GTR+G --prefix T2 --threads 3

Analysis options:
  run mode: ML tree search
  start tree(s): random (10) + parsimony (10)
  random seed: 1700828062
  tip-inner: OFF
  pattern compression: ON
  per-rate scalers: OFF
  site repeats: ON
  fast spr radius: AUTO
  spr subtree cutoff: 1.000000
  branch lengths: proportional (ML estimate, algorithm: NR-FAST)
  SIMD kernels: AVX2
  parallelization: coarse-grained (auto), PTHREADS (3 threads), thread pinning: OFF

[00:00:00] Reading alignment from file: ../results/phyl_trees/Suthaus_2022/Full18S/RAD/sim_90/vamp_mafft.fasta
[00:00:00] Loaded alignment with 141 taxa and 2006 sites

WARNING: Fully undetermined columns found: 1

WARNING: Sequences KC779519|Vampyrellida|Arachnulidae|Thalassomyxa|Thalassomyxa_strain_KibAr and KC779520|Vampyrellida|Arachnulidae|Thalassomyxa|Thalassomyxa_strain_V1ld4 are exactly identical!
WARNING: Sequences GU385615|Vamyprellida|Placopodidae|Placopus|Placopus_X and GU385647|Vampyrellida|Placopodidae|Placopus_X|Placopus_XX are exactly identical!
WARNING: Duplicate sequences found: 2

NOTE: Reduced alignment (with duplicates and gap-only sites/taxa removed) 
NOTE: was saved to: /home/lubo/code/wRajter/vampyrella_2023/notebooks/T2.raxml.reduced.phy

Alignment comprises 1 partitions and 1451 patterns

Partition 0: noname
Model: GTR+FO+G4m
Alignment sites / patterns: 2005 / 1451
Gaps: 27.21 %
Invariant sites: 41.25 %


NOTE: Binary MSA file created: T2.raxml.rba

Parallelization scheme autoconfig: 3 worker(s) x 1 thread(s)

Parallel reduction/worker buffer size: 1 KB  / 0 KB

[00:00:00] Generating 10 random starting tree(s) with 141 taxa
[00:00:00] Generating 10 parsimony starting tree(s) with 141 taxa
[00:00:00] Data distribution: max. partitions/sites/weight per thread: 1 / 1451 / 23216
[00:00:00] Data distribution: max. searches per worker: 7

Starting ML tree search with 20 distinct starting trees

[00:00:00 -82965.053390] Initial branch length optimization
[00:00:00 -72860.862846] Model parameter optimization (eps = 10.000000)
[00:00:04 -66338.158026] AUTODETECT spr round 1 (radius: 5)
[00:00:07 -56110.959338] AUTODETECT spr round 2 (radius: 10)
[00:00:10 -43141.157896] AUTODETECT spr round 3 (radius: 15)
[00:00:15 -42479.158627] AUTODETECT spr round 4 (radius: 20)
[00:00:18 -42159.112282] AUTODETECT spr round 5 (radius: 25)
[00:00:21 -41976.358645] SPR radius for FAST iterations: 25 (autodetect)
[00:00:21 -41976.358645] Model parameter optimization (eps = 3.000000)
[00:00:22 -41773.584646] FAST spr round 1 (radius: 25)
[00:00:26 -38924.978920] FAST spr round 2 (radius: 25)
[00:00:29 -38791.208736] FAST spr round 3 (radius: 25)
[00:00:31 -38784.433801] FAST spr round 4 (radius: 25)
[00:00:33 -38784.340912] Model parameter optimization (eps = 1.000000)
[00:00:33 -38781.199224] SLOW spr round 1 (radius: 5)
[00:00:41 -38769.841363] SLOW spr round 2 (radius: 5)
[00:00:47 -38768.867976] SLOW spr round 3 (radius: 5)
[00:00:54 -38768.867960] SLOW spr round 4 (radius: 10)
[00:01:00 -38768.867960] SLOW spr round 5 (radius: 15)
[00:01:10 -38768.867960] SLOW spr round 6 (radius: 20)
[00:01:16] [worker #2] ML tree search #3, logLikelihood: -38775.385067
[00:01:19 -38768.867960] SLOW spr round 7 (radius: 25)
[00:01:20] [worker #1] ML tree search #2, logLikelihood: -38772.668207
[00:01:26 -38768.867960] Model parameter optimization (eps = 0.100000)

[00:01:26] [worker #0] ML tree search #1, logLikelihood: -38768.771982

[00:01:26 -82962.879670] Initial branch length optimization
[00:01:26 -72625.850592] Model parameter optimization (eps = 10.000000)
[00:01:29 -66388.018519] AUTODETECT spr round 1 (radius: 5)
[00:01:32 -52485.826553] AUTODETECT spr round 2 (radius: 10)
[00:01:35 -43482.397029] AUTODETECT spr round 3 (radius: 15)
[00:01:39 -42708.147191] AUTODETECT spr round 4 (radius: 20)
[00:01:43 -42579.044704] AUTODETECT spr round 5 (radius: 25)
[00:01:45 -42578.982651] SPR radius for FAST iterations: 20 (autodetect)
[00:01:45 -42578.982651] Model parameter optimization (eps = 3.000000)
[00:01:46 -42401.060048] FAST spr round 1 (radius: 20)
[00:01:50 -38880.312126] FAST spr round 2 (radius: 20)
[00:01:53 -38782.694582] FAST spr round 3 (radius: 20)
[00:01:55 -38778.155119] FAST spr round 4 (radius: 20)
[00:01:56 -38778.155039] Model parameter optimization (eps = 1.000000)
[00:01:57 -38775.179988] SLOW spr round 1 (radius: 5)
[00:02:04 -38768.650142] SLOW spr round 2 (radius: 5)
[00:02:11 -38768.649904] SLOW spr round 3 (radius: 10)
[00:02:16 -38768.649902] SLOW spr round 4 (radius: 15)
[00:02:26 -38768.649902] SLOW spr round 5 (radius: 20)
[00:02:35] [worker #2] ML tree search #6, logLikelihood: -38769.264223
[00:02:36 -38768.649902] SLOW spr round 6 (radius: 25)
[00:02:41] [worker #1] ML tree search #5, logLikelihood: -38780.165833
[00:02:42 -38768.649902] Model parameter optimization (eps = 0.100000)

[00:02:43] [worker #0] ML tree search #4, logLikelihood: -38768.609833

[00:02:43 -83008.135697] Initial branch length optimization
[00:02:43 -72949.188364] Model parameter optimization (eps = 10.000000)
[00:02:46 -66914.984966] AUTODETECT spr round 1 (radius: 5)
[00:02:48 -54002.585549] AUTODETECT spr round 2 (radius: 10)
[00:02:51 -43485.573626] AUTODETECT spr round 3 (radius: 15)
[00:02:55 -41615.756093] AUTODETECT spr round 4 (radius: 20)
[00:02:58 -41545.382853] AUTODETECT spr round 5 (radius: 25)
[00:03:00 -41545.354652] SPR radius for FAST iterations: 20 (autodetect)
[00:03:00 -41545.354652] Model parameter optimization (eps = 3.000000)
[00:03:01 -41472.662528] FAST spr round 1 (radius: 20)
[00:03:04 -39027.778549] FAST spr round 2 (radius: 20)
[00:03:07 -38814.159664] FAST spr round 3 (radius: 20)
[00:03:09 -38781.386106] FAST spr round 4 (radius: 20)
[00:03:11 -38781.385746] Model parameter optimization (eps = 1.000000)
[00:03:12 -38776.668142] SLOW spr round 1 (radius: 5)
[00:03:19 -38768.979526] SLOW spr round 2 (radius: 5)
[00:03:26 -38768.979237] SLOW spr round 3 (radius: 10)
[00:03:32 -38768.979233] SLOW spr round 4 (radius: 15)
[00:03:41 -38768.979233] SLOW spr round 5 (radius: 20)
[00:03:52 -38768.979233] SLOW spr round 6 (radius: 25)
[00:03:57] [worker #2] ML tree search #9, logLikelihood: -38768.498498
[00:03:58 -38768.979233] Model parameter optimization (eps = 0.100000)

[00:03:58] [worker #0] ML tree search #7, logLikelihood: -38768.886674

[00:03:58 -82549.399837] Initial branch length optimization
[00:03:58 -71612.178339] Model parameter optimization (eps = 10.000000)
[00:03:58] [worker #1] ML tree search #8, logLikelihood: -38768.793317
[00:04:02 -65489.700958] AUTODETECT spr round 1 (radius: 5)
[00:04:03 -53405.889596] AUTODETECT spr round 2 (radius: 10)
[00:04:07 -42434.627225] AUTODETECT spr round 3 (radius: 15)
[00:04:11 -41020.595210] AUTODETECT spr round 4 (radius: 20)
[00:04:15 -40979.095417] AUTODETECT spr round 5 (radius: 25)
[00:04:17 -40979.073128] SPR radius for FAST iterations: 20 (autodetect)
[00:04:17 -40979.073128] Model parameter optimization (eps = 3.000000)
[00:04:19 -40816.732227] FAST spr round 1 (radius: 20)
[00:04:22 -38847.456483] FAST spr round 2 (radius: 20)
[00:04:25 -38797.088511] FAST spr round 3 (radius: 20)
[00:04:27 -38797.088296] Model parameter optimization (eps = 1.000000)
[00:04:27 -38794.256066] SLOW spr round 1 (radius: 5)
[00:04:35 -38774.355833] SLOW spr round 2 (radius: 5)
[00:04:42 -38772.159264] SLOW spr round 3 (radius: 5)
[00:04:49 -38772.158504] SLOW spr round 4 (radius: 10)
[00:04:55 -38772.158504] SLOW spr round 5 (radius: 15)
[00:04:56] [worker #2] ML tree search #12, logLikelihood: -38774.676145
[00:05:00] [worker #1] ML tree search #11, logLikelihood: -38774.058269
[00:05:05 -38772.158504] SLOW spr round 6 (radius: 20)
[00:05:14 -38772.158504] SLOW spr round 7 (radius: 25)
[00:05:21 -38772.158504] Model parameter optimization (eps = 0.100000)

[00:05:22] [worker #0] ML tree search #10, logLikelihood: -38772.006241

[00:05:22 -49250.585674] Initial branch length optimization
[00:05:22 -41050.469655] Model parameter optimization (eps = 10.000000)
[00:05:23 -39049.171450] AUTODETECT spr round 1 (radius: 5)
[00:05:25 -38799.038539] AUTODETECT spr round 2 (radius: 10)
[00:05:28 -38799.035690] SPR radius for FAST iterations: 5 (autodetect)
[00:05:28 -38799.035690] Model parameter optimization (eps = 3.000000)
[00:05:28 -38797.999103] FAST spr round 1 (radius: 5)
[00:05:30 -38782.874921] FAST spr round 2 (radius: 5)
[00:05:31 -38781.139036] FAST spr round 3 (radius: 5)
[00:05:33 -38781.138972] Model parameter optimization (eps = 1.000000)
[00:05:33 -38780.738442] SLOW spr round 1 (radius: 5)
[00:05:41 -38774.828621] SLOW spr round 2 (radius: 5)
[00:05:48 -38772.650108] SLOW spr round 3 (radius: 5)
[00:05:55 -38772.649351] SLOW spr round 4 (radius: 10)
[00:06:00 -38772.649351] SLOW spr round 5 (radius: 15)
[00:06:04] [worker #2] ML tree search #15, logLikelihood: -38777.821357
[00:06:09] [worker #1] ML tree search #14, logLikelihood: -38773.322320
[00:06:10 -38772.649351] SLOW spr round 6 (radius: 20)
[00:06:19 -38772.649351] SLOW spr round 7 (radius: 25)
[00:06:27 -38772.649351] Model parameter optimization (eps = 0.100000)

[00:06:27] [worker #0] ML tree search #13, logLikelihood: -38772.447432

[00:06:27 -49014.375397] Initial branch length optimization
[00:06:27 -40944.559909] Model parameter optimization (eps = 10.000000)
[00:06:28 -38918.082557] AUTODETECT spr round 1 (radius: 5)
[00:06:30 -38789.836789] AUTODETECT spr round 2 (radius: 10)
[00:06:33 -38789.832997] SPR radius for FAST iterations: 5 (autodetect)
[00:06:33 -38789.832997] Model parameter optimization (eps = 3.000000)
[00:06:34 -38789.463043] FAST spr round 1 (radius: 5)
[00:06:36 -38774.763193] FAST spr round 2 (radius: 5)
[00:06:37 -38772.585538] FAST spr round 3 (radius: 5)
[00:06:39 -38772.585521] Model parameter optimization (eps = 1.000000)
[00:06:39 -38772.395957] SLOW spr round 1 (radius: 5)
[00:06:46 -38770.939780] SLOW spr round 2 (radius: 5)
[00:06:53 -38770.939623] SLOW spr round 3 (radius: 10)
[00:07:00 -38770.939621] SLOW spr round 4 (radius: 15)
[00:07:03] [worker #2] ML tree search #18, logLikelihood: -38770.427209
[00:07:10 -38770.939621] SLOW spr round 5 (radius: 20)
[00:07:18 -38770.939621] SLOW spr round 6 (radius: 25)
[00:07:20] [worker #1] ML tree search #17, logLikelihood: -38771.232533
[00:07:26 -38770.939621] Model parameter optimization (eps = 0.100000)

[00:07:26] [worker #0] ML tree search #16, logLikelihood: -38770.818218

[00:07:26 -49241.375136] Initial branch length optimization
[00:07:26 -40951.922080] Model parameter optimization (eps = 10.000000)
[00:07:28 -38953.079316] AUTODETECT spr round 1 (radius: 5)
[00:07:29 -38791.691787] AUTODETECT spr round 2 (radius: 10)
[00:07:32 -38791.689326] SPR radius for FAST iterations: 5 (autodetect)
[00:07:32 -38791.689326] Model parameter optimization (eps = 3.000000)
[00:07:33 -38790.871927] FAST spr round 1 (radius: 5)
[00:07:35 -38778.255486] FAST spr round 2 (radius: 5)
[00:07:36 -38775.988329] FAST spr round 3 (radius: 5)
[00:07:38 -38775.988208] Model parameter optimization (eps = 1.000000)
[00:07:38 -38775.548398] SLOW spr round 1 (radius: 5)
[00:07:45 -38771.095873] SLOW spr round 2 (radius: 5)
[00:07:52 -38771.095689] SLOW spr round 3 (radius: 10)
[00:07:58 -38771.095687] SLOW spr round 4 (radius: 15)
[00:08:08 -38771.095687] SLOW spr round 5 (radius: 20)
[00:08:18 -38771.095687] SLOW spr round 6 (radius: 25)
[00:08:21] [worker #1] ML tree search #20, logLikelihood: -38776.034357
[00:08:23 -38771.095687] Model parameter optimization (eps = 0.100000)

[00:08:24] [worker #0] ML tree search #19, logLikelihood: -38770.901779


Optimized model parameters:

   Partition 0: noname
   Rate heterogeneity: GAMMA (4 cats, mean),  alpha: 0.353176 (ML),  weights&rates: (0.250000,0.010579) (0.250000,0.146023) (0.250000,0.675202) (0.250000,3.168197) 
   Base frequencies (ML): 0.272231 0.181553 0.232064 0.314151 
   Substitution rates (ML): 1.188335 3.090182 1.408638 0.907110 4.936246 1.000000 


Final LogLikelihood: -38768.498498

AIC score: 78112.996996 / AICc score: 78210.003989 / BIC score: 79726.776006
Free parameters (model + branch lengths): 288

WARNING: Best ML tree contains 10 near-zero branches!

Best ML tree with collapsed near-zero branches saved to: /home/lubo/code/wRajter/vampyrella_2023/notebooks/T2.raxml.bestTreeCollapsed
Best ML tree saved to: /home/lubo/code/wRajter/vampyrella_2023/notebooks/T2.raxml.bestTree
All ML trees saved to: /home/lubo/code/wRajter/vampyrella_2023/notebooks/T2.raxml.mlTrees
Optimized model saved to: /home/lubo/code/wRajter/vampyrella_2023/notebooks/T2.raxml.bestModel

Execution log saved to: /home/lubo/code/wRajter/vampyrella_2023/notebooks/T2.raxml.log

Analysis started: 24-Nov-2023 13:14:22 / finished: 24-Nov-2023 13:22:47

Elapsed time: 504.575 seconds

